Polarization Viz started at 2026-04-05T14:32:00.561287
Console log: /Users/ukhan/Desktop/ss/movement-fork/examples/polarization/datasets/multi-animal/exports/polarization-demos/logs/polarization_viz_20260405_143200.log



AP VALIDATION H5 DETECTED
Loading suggested pairs from: ap_validation_20260405_143150.h5
  [0] free-moving-2flies-ID-13nodes-1024x1024x1-30_3pxmm: [2 → 0] (posterior → anterior)
  [2] free-moving-4gerbils-ID-14nodes-1024x1280x3-2pxmm: [9 → 5] (posterior → anterior)
  [3] free-moving-5mice-noID-11nodes-1280x1024x1-1_97pxmm: [6 → 1] (posterior → anterior)
  [4] freemoving-2bees-noID-21nodes-1535x2048x1-14pxmm: [2 → 1] (posterior → anterior)
  [1] free-moving-2mice-noID-5nodes-1280x1024x1-1_9pxmm: [3 → 0] (posterior → anterior)

Use suggested node pairs from H5 file? [y/n]:

BATCH MODE

Processing 5 dataset(s)...

────────────────────────────────────────────────────────────
Dataset [0]
────────────────────────────────────────────────────────────
Loading SLP: free-moving-2flies-ID-13nodes-1024x1024x1-30_3pxmm.slp
Video found: free-moving-2flies-ID-13nodes-1024x1024x1-30_3pxmm.mp4
FPS: 25 (from video metadata)
Video frames: 1350
Video resolution: 1024x1024
Video duration: 54.00s
Tracking frames: 1350
Individuals (2): [np.str_('track_0'), np.str_('track_1')]
Keypoints (13): [np.str_('head'), np.str_('thorax'), np.str_('abdomen'), np.str_('wingL'), np.str_('wingR'), np.str_('forelegL4'), np.str_('forelegR4'), np.str_('midlegL4'), np.str_('midlegR4'), np.str_('hindlegL4'), np.str_('hindlegR4'), np.str_('eyeL'), np.str_('eyeR')]

Using batch config:
  Velocity:    abdomen[2]
  Orientation: abdomen[2] → head[0] (posterior → anterior)

Computing validity masks...
Computing polarization metrics...
Finding best segment...
  Computing 25-frame heading for segment scoring...

5-panel continuous segment starting at frame 1150 (score=24.262)
Panel frames: [1150 1175 1200 1225 1250]
Orientation pol range: 0.905 to 0.999 (5/5 panels >= 0.15)
Heading pol range: 0.892 to 0.999 (5/5 panels >= 0.15)
Extracting per-animal coordinates for selected frames...

Loading selected video frames from: free-moving-2flies-ID-13nodes-1024x1024x1-30_3pxmm.mp4
  Loaded 6 frames (of 1350 total)
POLARIZATION ANALYSIS LOG

Video: free-moving-2flies-ID-13nodes-1024x1024x1-30_3pxmm.mp4
FPS: 25.0
Frame interval: 25 frames (1 second)
Number of panels: 5
Segment type: CONTINUOUS


FINAL NODE CONFIGURATION

  Velocity node:     abdomen[2]
  Orientation FROM:  abdomen[2] (posterior)
  Orientation TO:    head[0] (anterior)
  Fallback TO:       None (strict mode)


POLARIZATION VERIFICATION

Coordinate system notes:
  - Image coords: y increases DOWNWARD (top=0)
  - Polar plot: math convention (0=E, 90=N, CCW positive)
  - Y-flip: dy = -(to_y - from_y) for image→Cartesian
  - Heading from 1-second displacement (matches Row 1)

────────────────────────────────────────────────────────────────────────────────
PANEL 0 (0s) | Frame 1150 | Prev frame 1125
────────────────────────────────────────────────────────────────────────────────

  ORIENTATION (abdomen → head):
  Animal     post_x   post_y    ant_x    ant_y │       dx   dy_img  dy_cart │   angle°
  -------- -------- -------- -------- -------- │ -------- -------- -------- │ --------
  0           623.3    619.3    661.4    567.0 │     38.1    -52.3     52.3 │     53.9
  1           687.4    522.2    726.2    456.2 │     38.8    -66.0     66.0 │     59.6

  ORIENTATION POLARIZATION CHECK:
    Mean unit vector: (0.5477, 0.8352)
    Computed:  pol=0.9988, theta=56.7°
    Stored:    pol=0.9988, theta=56.7°
    MATCH: ✓ YES

  HEADING/VELOCITY (frame 1125 to 1150):
  Animal     prev_x   prev_y   curr_x   curr_y │       dx   dy_img  dy_cart │   angle°
  -------- -------- -------- -------- -------- │ -------- -------- -------- │ --------
  0           568.0    686.2    623.3    619.3 │     55.3    -66.9     66.9 │     50.4
  1           628.9    604.8    687.4    522.2 │     58.6    -82.6     82.6 │     54.7

  HEADING POLARIZATION CHECK:
    Mean unit vector: (0.6078, 0.7932)
    Computed:  pol=0.9993, theta=52.5°
    Stored:    pol=0.9993, theta=52.5°
    MATCH: ✓ YES

────────────────────────────────────────────────────────────────────────────────
PANEL 1 (1s) | Frame 1175 | Prev frame 1150
────────────────────────────────────────────────────────────────────────────────

  ORIENTATION (abdomen → head):
  Animal     post_x   post_y    ant_x    ant_y │       dx   dy_img  dy_cart │   angle°
  -------- -------- -------- -------- -------- │ -------- -------- -------- │ --------
  0           639.2    593.7    666.5    534.6 │     27.3    -59.2     59.2 │     65.3
  1           681.9    450.5    648.9    381.4 │    -33.0    -69.1     69.1 │    115.5

  ORIENTATION POLARIZATION CHECK:
    Mean unit vector: (-0.0063, 0.9052)
    Computed:  pol=0.9052, theta=90.4°
    Stored:    pol=0.9052, theta=90.4°
    MATCH: ✓ YES

  HEADING/VELOCITY (frame 1150 to 1175):
  Animal     prev_x   prev_y   curr_x   curr_y │       dx   dy_img  dy_cart │   angle°
  -------- -------- -------- -------- -------- │ -------- -------- -------- │ --------
  0           623.3    619.3    639.2    593.7 │     15.9    -25.6     25.6 │     58.1
  1           687.4    522.2    681.9    450.5 │     -5.5    -71.7     71.7 │     94.4

  HEADING POLARIZATION CHECK:
    Mean unit vector: (0.2257, 0.9230)
    Computed:  pol=0.9502, theta=76.3°
    Stored:    pol=0.9502, theta=76.3°
    MATCH: ✓ YES

────────────────────────────────────────────────────────────────────────────────
PANEL 2 (2s) | Frame 1200 | Prev frame 1175
────────────────────────────────────────────────────────────────────────────────

  ORIENTATION (abdomen → head):
  Animal     post_x   post_y    ant_x    ant_y │       dx   dy_img  dy_cart │   angle°
  -------- -------- -------- -------- -------- │ -------- -------- -------- │ --------
  0           646.9    500.7    626.8    439.8 │    -20.2    -60.9     60.9 │    108.3
  1           606.7    385.0    541.7    343.9 │    -65.1    -41.1     41.1 │    147.7

  ORIENTATION POLARIZATION CHECK:
    Mean unit vector: (-0.5799, 0.7418)
    Computed:  pol=0.9415, theta=128.0°
    Stored:    pol=0.9415, theta=128.0°
    MATCH: ✓ YES

  HEADING/VELOCITY (frame 1175 to 1200):
  Animal     prev_x   prev_y   curr_x   curr_y │       dx   dy_img  dy_cart │   angle°
  -------- -------- -------- -------- -------- │ -------- -------- -------- │ --------
  0           639.2    593.7    646.9    500.7 │      7.7    -93.1     93.1 │     85.2
  1           681.9    450.5    606.7    385.0 │    -75.2    -65.4     65.4 │    139.0

  HEADING POLARIZATION CHECK:
    Mean unit vector: (-0.3356, 0.8266)
    Computed:  pol=0.8921, theta=112.1°
    Stored:    pol=0.8921, theta=112.1°
    MATCH: ✓ YES

────────────────────────────────────────────────────────────────────────────────
PANEL 3 (3s) | Frame 1225 | Prev frame 1200
────────────────────────────────────────────────────────────────────────────────

  ORIENTATION (abdomen → head):
  Animal     post_x   post_y    ant_x    ant_y │       dx   dy_img  dy_cart │   angle°
  -------- -------- -------- -------- -------- │ -------- -------- -------- │ --------
  0           617.6    445.8    566.3    404.7 │    -51.3    -41.1     41.1 │    141.3
  1           506.7    368.1    430.6    377.3 │    -76.1      9.1     -9.1 │   -173.2

  ORIENTATION POLARIZATION CHECK:
    Mean unit vector: (-0.8865, 0.2532)
    Computed:  pol=0.9219, theta=164.1°
    Stored:    pol=0.9219, theta=164.1°
    MATCH: ✓ YES

  HEADING/VELOCITY (frame 1200 to 1225):
  Animal     prev_x   prev_y   curr_x   curr_y │       dx   dy_img  dy_cart │   angle°
  -------- -------- -------- -------- -------- │ -------- -------- -------- │ --------
  0           646.9    500.7    617.6    445.8 │    -29.4    -54.9     54.9 │    118.2
  1           606.7    385.0    506.7    368.1 │   -100.0    -16.9     16.9 │    170.4

  HEADING POLARIZATION CHECK:
    Mean unit vector: (-0.7290, 0.5241)
    Computed:  pol=0.8979, theta=144.3°
    Stored:    pol=0.8979, theta=144.3°
    MATCH: ✓ YES

────────────────────────────────────────────────────────────────────────────────
PANEL 4 (4s) | Frame 1250 | Prev frame 1225
────────────────────────────────────────────────────────────────────────────────

  ORIENTATION (abdomen → head):
  Animal     post_x   post_y    ant_x    ant_y │       dx   dy_img  dy_cart │   angle°
  -------- -------- -------- -------- -------- │ -------- -------- -------- │ --------
  0           556.1    429.3    492.2    409.5 │    -63.9    -19.8     19.8 │    162.8
  1           433.1    383.7    356.6    394.5 │    -76.6     10.7    -10.7 │   -172.0

  ORIENTATION POLARIZATION CHECK:
    Mean unit vector: (-0.9727, 0.0787)
    Computed:  pol=0.9759, theta=175.4°
    Stored:    pol=0.9759, theta=175.4°
    MATCH: ✓ YES

  HEADING/VELOCITY (frame 1225 to 1250):
  Animal     prev_x   prev_y   curr_x   curr_y │       dx   dy_img  dy_cart │   angle°
  -------- -------- -------- -------- -------- │ -------- -------- -------- │ --------
  0           617.6    445.8    556.1    429.3 │    -61.5    -16.5     16.5 │    165.0
  1           506.7    368.1    433.1    383.7 │    -73.6     15.6    -15.6 │   -168.0

  HEADING POLARIZATION CHECK:
    Mean unit vector: (-0.9720, 0.0257)
    Computed:  pol=0.9724, theta=178.5°
    Stored:    pol=0.9724, theta=178.5°
    MATCH: ✓ YES


END LOG

Creating figure...
Saved SVG: /Users/ukhan/Desktop/ss/movement-fork/examples/polarization/datasets/multi-animal/exports/polarization-demos/figures/free-moving-2flies-ID-13nodes-1024x1024x1-30_3pxmm_20260405_143203_polarization-plot.svg

────────────────────────────────────────────────────────────
Dataset [2]
────────────────────────────────────────────────────────────
Loading SLP: free-moving-4gerbils-ID-14nodes-1024x1280x3-2pxmm.slp
Video found: free-moving-4gerbils-ID-14nodes-1024x1280x3-2pxmm.mp4
FPS: 25 (from video metadata)
Video frames: 2560
Video resolution: 1280x1024
Video duration: 102.40s
Tracking frames: 2560
Individuals (4): [np.str_('female'), np.str_('male'), np.str_('pup shaved'), np.str_('pup unshaved')]
Keypoints (14): [np.str_('nose'), np.str_('lefteye'), np.str_('righteye'), np.str_('leftear'), np.str_('rightear'), np.str_('spine1'), np.str_('spine2'), np.str_('spine3'), np.str_('spine4'), np.str_('spine5'), np.str_('tail1'), np.str_('tail2'), np.str_('tail3'), np.str_('tail4')]

Using batch config:
  Velocity:    spine5[9]
  Orientation: spine5[9] → spine1[5] (posterior → anterior)

Computing validity masks...
Computing polarization metrics...
Finding best segment...
  Computing 25-frame heading for segment scoring...

5-panel continuous segment starting at frame 1450 (score=10.091)
Panel frames: [1450 1475 1500 1525 1550]
Orientation pol range: 0.113 to 0.337 (4/5 panels >= 0.15)
Heading pol range: 0.215 to 0.434 (5/5 panels >= 0.15)
Extracting per-animal coordinates for selected frames...

Loading selected video frames from: free-moving-4gerbils-ID-14nodes-1024x1280x3-2pxmm.mp4
  Loaded 6 frames (of 2560 total)
POLARIZATION ANALYSIS LOG

Video: free-moving-4gerbils-ID-14nodes-1024x1280x3-2pxmm.mp4
FPS: 25.0
Frame interval: 25 frames (1 second)
Number of panels: 5
Segment type: CONTINUOUS


FINAL NODE CONFIGURATION

  Velocity node:     spine5[9]
  Orientation FROM:  spine5[9] (posterior)
  Orientation TO:    spine1[5] (anterior)
  Fallback TO:       None (strict mode)


POLARIZATION VERIFICATION

Coordinate system notes:
  - Image coords: y increases DOWNWARD (top=0)
  - Polar plot: math convention (0=E, 90=N, CCW positive)
  - Y-flip: dy = -(to_y - from_y) for image→Cartesian
  - Heading from 1-second displacement (matches Row 1)

────────────────────────────────────────────────────────────────────────────────
PANEL 0 (0s) | Frame 1450 | Prev frame 1425
────────────────────────────────────────────────────────────────────────────────

  ORIENTATION (spine5 → spine1):
  Animal     post_x   post_y    ant_x    ant_y │       dx   dy_img  dy_cart │   angle°
  -------- -------- -------- -------- -------- │ -------- -------- -------- │ --------
  0          1128.7    759.6   1183.6    683.5 │     54.9    -76.1     76.1 │     54.2
  1          1151.3    187.9   1056.5    151.8 │    -94.7    -36.0     36.0 │    159.2
  2          1128.4    244.6   1148.1    320.0 │     19.8     75.3    -75.3 │    -75.3
  3           735.6    195.2    676.5    128.5 │    -59.2    -66.7     66.7 │    131.6

  ORIENTATION POLARIZATION CHECK:
    Mean unit vector: (-0.1899, 0.2368)
    Computed:  pol=0.3036, theta=128.7°
    Stored:    pol=0.3036, theta=128.7°
    MATCH: ✓ YES

  HEADING/VELOCITY (frame 1425 to 1450):
  Animal     prev_x   prev_y   curr_x   curr_y │       dx   dy_img  dy_cart │   angle°
  -------- -------- -------- -------- -------- │ -------- -------- -------- │ --------
  0          1131.7    759.7   1128.7    759.6 │     -2.9     -0.1      0.1 │    178.7
  1          1155.8    180.0   1151.3    187.9 │     -4.6      7.8     -7.8 │   -120.2
  2          1123.6    245.0   1128.4    244.6 │      4.7     -0.4      0.4 │      4.7
  3           731.9    187.9    735.6    195.2 │      3.7      7.2     -7.2 │    -62.9

  HEADING POLARIZATION CHECK:
    Mean unit vector: (-0.0129, -0.4124)
    Computed:  pol=0.4126, theta=-91.8°
    Stored:    pol=0.4126, theta=-91.8°
    MATCH: ✓ YES

────────────────────────────────────────────────────────────────────────────────
PANEL 1 (1s) | Frame 1475 | Prev frame 1450
────────────────────────────────────────────────────────────────────────────────

  ORIENTATION (spine5 → spine1):
  Animal     post_x   post_y    ant_x    ant_y │       dx   dy_img  dy_cart │   angle°
  -------- -------- -------- -------- -------- │ -------- -------- -------- │ --------
  0          1147.4    660.0   1164.4    671.8 │     17.0     11.9    -11.9 │    -35.0
  1          1152.2    180.3   1056.4    164.6 │    -95.8    -15.7     15.7 │    170.7
  2          1128.1    248.0   1151.2    324.4 │     23.1     76.4    -76.4 │    -73.2
  3           728.3    188.1    675.7    127.7 │    -52.6    -60.4     60.4 │    131.0

  ORIENTATION POLARIZATION CHECK:
    Mean unit vector: (-0.1336, -0.1537)
    Computed:  pol=0.2036, theta=-131.0°
    Stored:    pol=0.2036, theta=-131.0°
    MATCH: ✓ YES

  HEADING/VELOCITY (frame 1450 to 1475):
  Animal     prev_x   prev_y   curr_x   curr_y │       dx   dy_img  dy_cart │   angle°
  -------- -------- -------- -------- -------- │ -------- -------- -------- │ --------
  0          1128.7    759.6   1147.4    660.0 │     18.7    -99.6     99.6 │     79.4
  1          1151.3    187.9   1152.2    180.3 │      1.0     -7.6      7.6 │     82.7
  2          1128.4    244.6   1128.1    248.0 │     -0.2      3.4     -3.4 │    -94.1
  3           735.6    195.2    728.3    188.1 │     -7.3     -7.0      7.0 │    136.3

  HEADING POLARIZATION CHECK:
    Mean unit vector: (-0.1207, 0.4172)
    Computed:  pol=0.4343, theta=106.1°
    Stored:    pol=0.4343, theta=106.1°
    MATCH: ✓ YES

────────────────────────────────────────────────────────────────────────────────
PANEL 2 (2s) | Frame 1500 | Prev frame 1475
────────────────────────────────────────────────────────────────────────────────

  ORIENTATION (spine5 → spine1):
  Animal     post_x   post_y    ant_x    ant_y │       dx   dy_img  dy_cart │   angle°
  -------- -------- -------- -------- -------- │ -------- -------- -------- │ --------
  0          1132.3    751.5   1167.9    656.7 │     35.6    -94.8     94.8 │     69.4
  1          1152.7    184.1   1063.4    163.8 │    -89.4    -20.3     20.3 │    167.2
  2          1128.0    247.8   1155.1    320.9 │     27.1     73.1    -73.1 │    -69.7
  3           739.5    183.8    683.6    120.5 │    -55.9    -63.3     63.3 │    131.5

  ORIENTATION POLARIZATION CHECK:
    Mean unit vector: (-0.2346, 0.2424)
    Computed:  pol=0.3374, theta=134.1°
    Stored:    pol=0.3374, theta=134.1°
    MATCH: ✓ YES

  HEADING/VELOCITY (frame 1475 to 1500):
  Animal     prev_x   prev_y   curr_x   curr_y │       dx   dy_img  dy_cart │   angle°
  -------- -------- -------- -------- -------- │ -------- -------- -------- │ --------
  0          1147.4    660.0   1132.3    751.5 │    -15.1     91.6    -91.6 │    -99.4
  1          1152.2    180.3   1152.7    184.1 │      0.5      3.8     -3.8 │    -82.3
  2          1128.1    248.0   1128.0    247.8 │     -0.1     -0.2      0.2 │    124.1
  3           728.3    188.1    739.5    183.8 │     11.3     -4.4      4.4 │     21.2

  HEADING POLARIZATION CHECK:
    Mean unit vector: (0.0858, -0.1967)
    Computed:  pol=0.2146, theta=-66.4°
    Stored:    pol=0.2146, theta=-66.4°
    MATCH: ✓ YES

────────────────────────────────────────────────────────────────────────────────
PANEL 3 (3s) | Frame 1525 | Prev frame 1500
────────────────────────────────────────────────────────────────────────────────

  ORIENTATION (spine5 → spine1):
  Animal     post_x   post_y    ant_x    ant_y │       dx   dy_img  dy_cart │   angle°
  -------- -------- -------- -------- -------- │ -------- -------- -------- │ --------
  0          1136.1    672.5   1160.0    680.6 │     23.9      8.2     -8.2 │    -18.8
  1          1155.4    191.4   1064.4    163.7 │    -91.0    -27.7     27.7 │    163.1
  2          1128.2    248.3   1155.0    323.7 │     26.8     75.5    -75.5 │    -70.4
  3           727.6    184.7    675.6    131.3 │    -52.0    -53.4     53.4 │    134.2

  ORIENTATION POLARIZATION CHECK:
    Mean unit vector: (-0.0932, -0.0643)
    Computed:  pol=0.1132, theta=-145.4°
    Stored:    pol=0.1132, theta=-145.4°
    MATCH: ✓ YES

  HEADING/VELOCITY (frame 1500 to 1525):
  Animal     prev_x   prev_y   curr_x   curr_y │       dx   dy_img  dy_cart │   angle°
  -------- -------- -------- -------- -------- │ -------- -------- -------- │ --------
  0          1132.3    751.5   1136.1    672.5 │      3.8    -79.1     79.1 │     87.2
  1          1152.7    184.1   1155.4    191.4 │      2.6      7.3     -7.3 │    -70.3
  2          1128.0    247.8   1128.2    248.3 │      0.2      0.5     -0.5 │    -64.6
  3           739.5    183.8    727.6    184.7 │    -11.9      1.0     -1.0 │   -175.4

  HEADING POLARIZATION CHECK:
    Mean unit vector: (-0.0455, -0.2317)
    Computed:  pol=0.2362, theta=-101.1°
    Stored:    pol=0.2362, theta=-101.1°
    MATCH: ✓ YES

────────────────────────────────────────────────────────────────────────────────
PANEL 4 (4s) | Frame 1550 | Prev frame 1525
────────────────────────────────────────────────────────────────────────────────

  ORIENTATION (spine5 → spine1):
  Animal     post_x   post_y    ant_x    ant_y │       dx   dy_img  dy_cart │   angle°
  -------- -------- -------- -------- -------- │ -------- -------- -------- │ --------
  0          1148.3    671.7   1167.7    680.0 │     19.4      8.4     -8.4 │    -23.4
  1          1152.6    183.8   1072.4    180.3 │    -80.1     -3.5      3.5 │    177.5
  2          1128.2    251.8   1152.0    327.5 │     23.8     75.7    -75.7 │    -72.5
  3           728.4    188.2    675.9    124.2 │    -52.6    -64.0     64.0 │    129.4

  ORIENTATION POLARIZATION CHECK:
    Mean unit vector: (-0.1039, -0.1337)
    Computed:  pol=0.1693, theta=-127.9°
    Stored:    pol=0.1693, theta=-127.9°
    MATCH: ✓ YES

  HEADING/VELOCITY (frame 1525 to 1550):
  Animal     prev_x   prev_y   curr_x   curr_y │       dx   dy_img  dy_cart │   angle°
  -------- -------- -------- -------- -------- │ -------- -------- -------- │ --------
  0          1136.1    672.5   1148.3    671.7 │     12.2     -0.8      0.8 │      3.8
  1          1155.4    191.4   1152.6    183.8 │     -2.8     -7.6      7.6 │    110.3
  2          1128.2    248.3   1128.2    251.8 │      0.0      3.5     -3.5 │    -90.0
  3           727.6    184.7    728.4    188.2 │      0.8      3.5     -3.5 │    -77.4

  HEADING POLARIZATION CHECK:
    Mean unit vector: (0.2176, -0.2431)
    Computed:  pol=0.3262, theta=-48.2°
    Stored:    pol=0.3262, theta=-48.2°
    MATCH: ✓ YES


END LOG

Creating figure...
Saved SVG: /Users/ukhan/Desktop/ss/movement-fork/examples/polarization/datasets/multi-animal/exports/polarization-demos/figures/free-moving-4gerbils-ID-14nodes-1024x1280x3-2pxmm_20260405_143205_polarization-plot.svg

────────────────────────────────────────────────────────────
Dataset [3]
────────────────────────────────────────────────────────────
Loading SLP: free-moving-5mice-noID-11nodes-1280x1024x1-1_97pxmm.slp
Video found: free-moving-5mice-noID-11nodes-1280x1024x1-1_97pxmm.mp4
FPS: 25 (from video metadata)
Video frames: 3248
Video resolution: 1024x1280
Video duration: 129.92s
Tracking frames: 3248
Individuals (5): [np.str_('track_0'), np.str_('track_1'), np.str_('track_2'), np.str_('track_3'), np.str_('track_4')]
Keypoints (11): [np.str_('nose'), np.str_('neck'), np.str_('L_ear'), np.str_('R_ear'), np.str_('L_Fr_paw'), np.str_('R_Fr_paw'), np.str_('tail_base'), np.str_('L_Hi_paw'), np.str_('R_Hi_paw'), np.str_('tail_mid'), np.str_('tail_end')]

Using batch config:
  Velocity:    tail_base[6]
  Orientation: tail_base[6] → neck[1] (posterior → anterior)

Computing validity masks...
Computing polarization metrics...
Finding best segment...
  Computing 25-frame heading for segment scoring...

5-panel continuous segment starting at frame 250 (score=10.125)
Panel frames: [250 275 300 325 350]
Orientation pol range: 0.258 to 0.892 (5/5 panels >= 0.15)
Heading pol range: 0.188 to 0.593 (5/5 panels >= 0.15)
Extracting per-animal coordinates for selected frames...

Loading selected video frames from: free-moving-5mice-noID-11nodes-1280x1024x1-1_97pxmm.mp4
  Loaded 6 frames (of 3248 total)
POLARIZATION ANALYSIS LOG

Video: free-moving-5mice-noID-11nodes-1280x1024x1-1_97pxmm.mp4
FPS: 25.0
Frame interval: 25 frames (1 second)
Number of panels: 5
Segment type: CONTINUOUS


FINAL NODE CONFIGURATION

  Velocity node:     tail_base[6]
  Orientation FROM:  tail_base[6] (posterior)
  Orientation TO:    neck[1] (anterior)
  Fallback TO:       None (strict mode)


POLARIZATION VERIFICATION

Coordinate system notes:
  - Image coords: y increases DOWNWARD (top=0)
  - Polar plot: math convention (0=E, 90=N, CCW positive)
  - Y-flip: dy = -(to_y - from_y) for image→Cartesian
  - Heading from 1-second displacement (matches Row 1)

────────────────────────────────────────────────────────────────────────────────
PANEL 0 (0s) | Frame 250 | Prev frame 225
────────────────────────────────────────────────────────────────────────────────

  ORIENTATION (tail_base → neck):
  Animal     post_x   post_y    ant_x    ant_y │       dx   dy_img  dy_cart │   angle°
  -------- -------- -------- -------- -------- │ -------- -------- -------- │ --------
  0           876.6    636.1    881.7    764.3 │      5.1    128.2   -128.2 │    -87.7
  1           620.6    343.9    568.5    464.5 │    -52.1    120.5   -120.5 │   -113.4
  2           328.0   1016.4    415.9   1024.2 │     87.9      7.9     -7.9 │     -5.1
  3           248.1    324.3    132.0    353.2 │   -116.2     28.9    -28.9 │   -166.0
  4           492.4    336.2    493.0    248.6 │      0.6    -87.7     87.7 │     89.6

  ORIENTATION POLARIZATION CHECK:
    Mean unit vector: (-0.0650, -0.2496)
    Computed:  pol=0.2579, theta=-104.6°
    Stored:    pol=0.2579, theta=-104.6°
    MATCH: ✓ YES

  HEADING/VELOCITY (frame 225 to 250):
  Animal     prev_x   prev_y   curr_x   curr_y │       dx   dy_img  dy_cart │   angle°
  -------- -------- -------- -------- -------- │ -------- -------- -------- │ --------
  0           895.8    480.5    876.6    636.1 │    -19.1    155.6   -155.6 │    -97.0
  1           651.7    228.6    620.6    343.9 │    -31.1    115.4   -115.4 │   -105.1
  2           252.5   1005.3    328.0   1016.4 │     75.5     11.1    -11.1 │     -8.3
  3           376.7    308.5    248.1    324.3 │   -128.6     15.8    -15.8 │   -173.0
  4           532.5    472.9    492.4    336.2 │    -40.1   -136.6    136.6 │    106.4

  HEADING POLARIZATION CHECK:
    Mean unit vector: (-0.1334, -0.2531)
    Computed:  pol=0.2861, theta=-117.8°
    Stored:    pol=0.2861, theta=-117.8°
    MATCH: ✓ YES

────────────────────────────────────────────────────────────────────────────────
PANEL 1 (1s) | Frame 275 | Prev frame 250
────────────────────────────────────────────────────────────────────────────────

  ORIENTATION (tail_base → neck):
  Animal     post_x   post_y    ant_x    ant_y │       dx   dy_img  dy_cart │   angle°
  -------- -------- -------- -------- -------- │ -------- -------- -------- │ --------
  0           888.5    780.6    888.5    904.5 │      0.0    123.8   -123.8 │    -90.0
  1           567.7    488.3    496.7    604.3 │    -71.0    116.0   -116.0 │   -121.5
  2           348.1   1012.6    376.2    993.3 │     28.1    -19.2     19.2 │     34.4
  3           241.1    300.6    200.6    409.7 │    -40.6    109.1   -109.1 │   -110.4
  4           468.1    335.3    537.3    302.9 │     69.3    -32.4     32.4 │     25.1

  ORIENTATION POLARIZATION CHECK:
    Mean unit vector: (0.1721, -0.3603)
    Computed:  pol=0.3993, theta=-64.5°
    Stored:    pol=0.3993, theta=-64.5°
    MATCH: ✓ YES

  HEADING/VELOCITY (frame 250 to 275):
  Animal     prev_x   prev_y   curr_x   curr_y │       dx   dy_img  dy_cart │   angle°
  -------- -------- -------- -------- -------- │ -------- -------- -------- │ --------
  0           876.6    636.1    888.5    780.6 │     11.9    144.5   -144.5 │    -85.3
  1           620.6    343.9    567.7    488.3 │    -52.9    144.4   -144.4 │   -110.1
  2           328.0   1016.4    348.1   1012.6 │     20.1     -3.8      3.8 │     10.7
  3           248.1    324.3    241.1    300.6 │     -7.0    -23.8     23.8 │    106.4
  4           492.4    336.2    468.1    335.3 │    -24.4     -0.9      0.9 │    177.8

  HEADING POLARIZATION CHECK:
    Mean unit vector: (-0.1122, -0.1503)
    Computed:  pol=0.1876, theta=-126.8°
    Stored:    pol=0.1876, theta=-126.8°
    MATCH: ✓ YES

────────────────────────────────────────────────────────────────────────────────
PANEL 2 (2s) | Frame 300 | Prev frame 275
────────────────────────────────────────────────────────────────────────────────

  ORIENTATION (tail_base → neck):
  Animal     post_x   post_y    ant_x    ant_y │       dx   dy_img  dy_cart │   angle°
  -------- -------- -------- -------- -------- │ -------- -------- -------- │ --------
  0           885.0    896.0    869.5    980.9 │    -15.4     84.8    -84.8 │   -100.3
  1           523.7    556.2    496.4    692.9 │    -27.3    136.7   -136.7 │   -101.3
  2           352.5   1008.7    392.9    981.3 │     40.4    -27.3     27.3 │     34.1
  3           208.1    403.6    216.5    536.0 │      8.4    132.4   -132.4 │    -86.4
  4           524.7    296.7    641.4    301.4 │    116.7      4.7     -4.7 │     -2.3

  ORIENTATION POLARIZATION CHECK:
    Mean unit vector: (0.3032, -0.4885)
    Computed:  pol=0.5750, theta=-58.2°
    Stored:    pol=0.5750, theta=-58.2°
    MATCH: ✓ YES

  HEADING/VELOCITY (frame 275 to 300):
  Animal     prev_x   prev_y   curr_x   curr_y │       dx   dy_img  dy_cart │   angle°
  -------- -------- -------- -------- -------- │ -------- -------- -------- │ --------
  0           888.5    780.6    885.0    896.0 │     -3.5    115.4   -115.4 │    -91.7
  1           567.7    488.3    523.7    556.2 │    -44.0     67.8    -67.8 │   -123.0
  2           348.1   1012.6    352.5   1008.7 │      4.4     -3.9      3.9 │     41.2
  3           241.1    300.6    208.1    403.6 │    -33.0    103.0   -103.0 │   -107.8
  4           468.1    335.3    524.7    296.7 │     56.6    -38.6     38.6 │     34.3

  HEADING POLARIZATION CHECK:
    Mean unit vector: (0.1398, -0.3138)
    Computed:  pol=0.3435, theta=-66.0°
    Stored:    pol=0.3435, theta=-66.0°
    MATCH: ✓ YES

────────────────────────────────────────────────────────────────────────────────
PANEL 3 (3s) | Frame 325 | Prev frame 300
────────────────────────────────────────────────────────────────────────────────

  ORIENTATION (tail_base → neck):
  Animal     post_x   post_y    ant_x    ant_y │       dx   dy_img  dy_cart │   angle°
  -------- -------- -------- -------- -------- │ -------- -------- -------- │ --------
  0           868.4    904.0    900.0    972.0 │     31.6     68.0    -68.0 │    -65.1
  1           509.0    640.0    536.9    764.8 │     27.9    124.8   -124.8 │    -77.4
  2           356.1   1011.4    408.0    983.7 │     51.9    -27.7     27.7 │     28.1
  3           192.3    464.2    280.5    544.3 │     88.2     80.1    -80.1 │    -42.3
  4           660.2    288.6    788.6    280.7 │    128.4     -7.8      7.8 │      3.5

  ORIENTATION POLARIZATION CHECK:
    Mean unit vector: (0.6520, -0.4048)
    Computed:  pol=0.7674, theta=-31.8°
    Stored:    pol=0.7674, theta=-31.8°
    MATCH: ✓ YES

  HEADING/VELOCITY (frame 300 to 325):
  Animal     prev_x   prev_y   curr_x   curr_y │       dx   dy_img  dy_cart │   angle°
  -------- -------- -------- -------- -------- │ -------- -------- -------- │ --------
  0           885.0    896.0    868.4    904.0 │    -16.6      7.9     -7.9 │   -154.4
  1           523.7    556.2    509.0    640.0 │    -14.6     83.8    -83.8 │    -99.9
  2           352.5   1008.7    356.1   1011.4 │      3.6      2.7     -2.7 │    -36.9
  3           208.1    403.6    192.3    464.2 │    -15.8     60.6    -60.6 │   -104.6
  4           524.7    296.7    660.2    288.6 │    135.5     -8.1      8.1 │      3.4

  HEADING POLARIZATION CHECK:
    Mean unit vector: (0.0943, -0.5852)
    Computed:  pol=0.5928, theta=-80.8°
    Stored:    pol=0.5928, theta=-80.8°
    MATCH: ✓ YES

────────────────────────────────────────────────────────────────────────────────
PANEL 4 (4s) | Frame 350 | Prev frame 325
────────────────────────────────────────────────────────────────────────────────

  ORIENTATION (tail_base → neck):
  Animal     post_x   post_y    ant_x    ant_y │       dx   dy_img  dy_cart │   angle°
  -------- -------- -------- -------- -------- │ -------- -------- -------- │ --------
  0           864.1    904.5    907.8    985.2 │     43.7     80.8    -80.8 │    -61.6
  1           564.4    768.2    637.5    884.4 │     73.2    116.2   -116.2 │    -57.8
  2           316.5   1016.6    409.6   1020.4 │     93.1      3.8     -3.8 │     -2.3
  3           199.6    475.9    303.3    551.2 │    103.8     75.4    -75.4 │    -36.0
  4           764.0    271.8    868.6    267.4 │    104.6     -4.4      4.4 │      2.4

  ORIENTATION POLARIZATION CHECK:
    Mean unit vector: (0.7633, -0.4624)
    Computed:  pol=0.8924, theta=-31.2°
    Stored:    pol=0.8924, theta=-31.2°
    MATCH: ✓ YES

  HEADING/VELOCITY (frame 325 to 350):
  Animal     prev_x   prev_y   curr_x   curr_y │       dx   dy_img  dy_cart │   angle°
  -------- -------- -------- -------- -------- │ -------- -------- -------- │ --------
  0           868.4    904.0    864.1    904.5 │     -4.3      0.5     -0.5 │   -173.7
  1           509.0    640.0    564.4    768.2 │     55.3    128.2   -128.2 │    -66.7
  2           356.1   1011.4    316.5   1016.6 │    -39.6      5.2     -5.2 │   -172.5
  3           192.3    464.2    199.6    475.9 │      7.2     11.7    -11.7 │    -58.2
  4           660.2    288.6    764.0    271.8 │    103.8    -16.8     16.8 │      9.2

  HEADING POLARIZATION CHECK:
    Mean unit vector: (-0.0151, -0.3700)
    Computed:  pol=0.3703, theta=-92.3°
    Stored:    pol=0.3703, theta=-92.3°
    MATCH: ✓ YES


END LOG

Creating figure...
Saved SVG: /Users/ukhan/Desktop/ss/movement-fork/examples/polarization/datasets/multi-animal/exports/polarization-demos/figures/free-moving-5mice-noID-11nodes-1280x1024x1-1_97pxmm_20260405_143206_polarization-plot.svg

────────────────────────────────────────────────────────────
Dataset [4]
────────────────────────────────────────────────────────────
Loading SLP: freemoving-2bees-noID-21nodes-1535x2048x1-14pxmm.slp
Video found: freemoving-2bees-noID-21nodes-1535x2048x1-14pxmm.mp4
FPS: 25 (from video metadata)
Video frames: 2000
Video resolution: 2048x1536
Video duration: 80.00s
Tracking frames: 2000
Individuals (2): [np.str_('track_0'), np.str_('track_1')]
Keypoints (21): [np.str_('thor'), np.str_('head'), np.str_('abdo'), np.str_('Lant1'), np.str_('Lant2'), np.str_('Rant1'), np.str_('Rant2'), np.str_('fLleg1'), np.str_('fLleg2'), np.str_('fRleg1'), np.str_('fRleg2'), np.str_('mLleg1'), np.str_('mLleg2'), np.str_('mRleg1'), np.str_('mRleg2'), np.str_('hLleg1'), np.str_('hLleg2'), np.str_('hRleg1'), np.str_('hRleg2'), np.str_('Lwing'), np.str_('Rwing')]

Using batch config:
  Velocity:    abdo[2]
  Orientation: abdo[2] → head[1] (posterior → anterior)

Computing validity masks...
Computing polarization metrics...
Finding best segment...
  Computing 25-frame heading for segment scoring...

5-panel continuous segment starting at frame 150 (score=46.171)
Panel frames: [150 175 200 225 250]
Orientation pol range: 0.887 to 0.975 (5/5 panels >= 0.15)
Heading pol range: 0.884 to 0.999 (5/5 panels >= 0.15)
Extracting per-animal coordinates for selected frames...

Loading selected video frames from: freemoving-2bees-noID-21nodes-1535x2048x1-14pxmm.mp4
  Loaded 6 frames (of 2000 total)
POLARIZATION ANALYSIS LOG

Video: freemoving-2bees-noID-21nodes-1535x2048x1-14pxmm.mp4
FPS: 25.0
Frame interval: 25 frames (1 second)
Number of panels: 5
Segment type: CONTINUOUS


FINAL NODE CONFIGURATION

  Velocity node:     abdo[2]
  Orientation FROM:  abdo[2] (posterior)
  Orientation TO:    head[1] (anterior)
  Fallback TO:       None (strict mode)


POLARIZATION VERIFICATION

Coordinate system notes:
  - Image coords: y increases DOWNWARD (top=0)
  - Polar plot: math convention (0=E, 90=N, CCW positive)
  - Y-flip: dy = -(to_y - from_y) for image→Cartesian
  - Heading from 1-second displacement (matches Row 1)

────────────────────────────────────────────────────────────────────────────────
PANEL 0 (0s) | Frame 150 | Prev frame 125
────────────────────────────────────────────────────────────────────────────────

  ORIENTATION (abdo → head):
  Animal     post_x   post_y    ant_x    ant_y │       dx   dy_img  dy_cart │   angle°
  -------- -------- -------- -------- -------- │ -------- -------- -------- │ --------
  0          1470.5   1014.5   1338.5   1192.5 │   -132.0    178.0   -178.0 │   -126.6
  1           932.5   1234.5    676.5   1280.5 │   -256.0     46.0    -46.0 │   -169.8

  ORIENTATION POLARIZATION CHECK:
    Mean unit vector: (-0.7899, -0.4900)
    Computed:  pol=0.9296, theta=-148.2°
    Stored:    pol=0.9296, theta=-148.2°
    MATCH: ✓ YES

  HEADING/VELOCITY (frame 125 to 150):
  Animal     prev_x   prev_y   curr_x   curr_y │       dx   dy_img  dy_cart │   angle°
  -------- -------- -------- -------- -------- │ -------- -------- -------- │ --------
  0          1550.5    792.5   1470.5   1014.5 │    -80.0    222.0   -222.0 │   -109.8
  1           974.5   1142.5    932.5   1234.5 │    -42.0     92.0    -92.0 │   -114.5

  HEADING POLARIZATION CHECK:
    Mean unit vector: (-0.3772, -0.9252)
    Computed:  pol=0.9992, theta=-112.2°
    Stored:    pol=0.9992, theta=-112.2°
    MATCH: ✓ YES

────────────────────────────────────────────────────────────────────────────────
PANEL 1 (1s) | Frame 175 | Prev frame 150
────────────────────────────────────────────────────────────────────────────────

  ORIENTATION (abdo → head):
  Animal     post_x   post_y    ant_x    ant_y │       dx   dy_img  dy_cart │   angle°
  -------- -------- -------- -------- -------- │ -------- -------- -------- │ --------
  0          1164.5   1268.5    962.5   1368.5 │   -202.0    100.0   -100.0 │   -153.7
  1           744.5   1180.5    508.5   1064.5 │   -236.0   -116.0    116.0 │    153.8

  ORIENTATION POLARIZATION CHECK:
    Mean unit vector: (-0.8968, -0.0013)
    Computed:  pol=0.8968, theta=-179.9°
    Stored:    pol=0.8968, theta=-179.9°
    MATCH: ✓ YES

  HEADING/VELOCITY (frame 150 to 175):
  Animal     prev_x   prev_y   curr_x   curr_y │       dx   dy_img  dy_cart │   angle°
  -------- -------- -------- -------- -------- │ -------- -------- -------- │ --------
  0          1470.5   1014.5   1164.5   1268.5 │   -306.0    254.0   -254.0 │   -140.3
  1           932.5   1234.5    744.5   1180.5 │   -188.0    -54.0     54.0 │    164.0

  HEADING POLARIZATION CHECK:
    Mean unit vector: (-0.8653, -0.1813)
    Computed:  pol=0.8841, theta=-168.2°
    Stored:    pol=0.8841, theta=-168.2°
    MATCH: ✓ YES

────────────────────────────────────────────────────────────────────────────────
PANEL 2 (2s) | Frame 200 | Prev frame 175
────────────────────────────────────────────────────────────────────────────────

  ORIENTATION (abdo → head):
  Animal     post_x   post_y    ant_x    ant_y │       dx   dy_img  dy_cart │   angle°
  -------- -------- -------- -------- -------- │ -------- -------- -------- │ --------
  0           854.5   1288.5    634.5   1266.5 │   -220.0    -22.0     22.0 │    174.3
  1           570.5    958.5    442.5    730.5 │   -128.0   -228.0    228.0 │    119.3

  ORIENTATION POLARIZATION CHECK:
    Mean unit vector: (-0.7423, 0.4857)
    Computed:  pol=0.8871, theta=146.8°
    Stored:    pol=0.8871, theta=146.8°
    MATCH: ✓ YES

  HEADING/VELOCITY (frame 175 to 200):
  Animal     prev_x   prev_y   curr_x   curr_y │       dx   dy_img  dy_cart │   angle°
  -------- -------- -------- -------- -------- │ -------- -------- -------- │ --------
  0          1164.5   1268.5    854.5   1288.5 │   -310.0     20.0    -20.0 │   -176.3
  1           744.5   1180.5    570.5    958.5 │   -174.0   -222.0    222.0 │    128.1

  HEADING POLARIZATION CHECK:
    Mean unit vector: (-0.8074, 0.3613)
    Computed:  pol=0.8846, theta=155.9°
    Stored:    pol=0.8846, theta=155.9°
    MATCH: ✓ YES

────────────────────────────────────────────────────────────────────────────────
PANEL 3 (3s) | Frame 225 | Prev frame 200
────────────────────────────────────────────────────────────────────────────────

  ORIENTATION (abdo → head):
  Animal     post_x   post_y    ant_x    ant_y │       dx   dy_img  dy_cart │   angle°
  -------- -------- -------- -------- -------- │ -------- -------- -------- │ --------
  0           494.5    980.5    406.5    772.5 │    -88.0   -208.0    208.0 │    112.9
  1           510.5    670.5    524.5    402.5 │     14.0   -268.0    268.0 │     87.0

  ORIENTATION POLARIZATION CHECK:
    Mean unit vector: (-0.1687, 0.9598)
    Computed:  pol=0.9745, theta=100.0°
    Stored:    pol=0.9745, theta=100.0°
    MATCH: ✓ YES

  HEADING/VELOCITY (frame 200 to 225):
  Animal     prev_x   prev_y   curr_x   curr_y │       dx   dy_img  dy_cart │   angle°
  -------- -------- -------- -------- -------- │ -------- -------- -------- │ --------
  0           854.5   1288.5    494.5    980.5 │   -360.0   -308.0    308.0 │    139.5
  1           570.5    958.5    510.5    670.5 │    -60.0   -288.0    288.0 │    101.8

  HEADING POLARIZATION CHECK:
    Mean unit vector: (-0.4819, 0.8145)
    Computed:  pol=0.9464, theta=120.6°
    Stored:    pol=0.9464, theta=120.6°
    MATCH: ✓ YES

────────────────────────────────────────────────────────────────────────────────
PANEL 4 (4s) | Frame 250 | Prev frame 225
────────────────────────────────────────────────────────────────────────────────

  ORIENTATION (abdo → head):
  Animal     post_x   post_y    ant_x    ant_y │       dx   dy_img  dy_cart │   angle°
  -------- -------- -------- -------- -------- │ -------- -------- -------- │ --------
  0           482.5    738.5    488.5    514.5 │      6.0   -224.0    224.0 │     88.5
  1           572.5    506.5    696.5    284.5 │    124.0   -222.0    222.0 │     60.8

  ORIENTATION POLARIZATION CHECK:
    Mean unit vector: (0.2572, 0.9363)
    Computed:  pol=0.9710, theta=74.6°
    Stored:    pol=0.9710, theta=74.6°
    MATCH: ✓ YES

  HEADING/VELOCITY (frame 225 to 250):
  Animal     prev_x   prev_y   curr_x   curr_y │       dx   dy_img  dy_cart │   angle°
  -------- -------- -------- -------- -------- │ -------- -------- -------- │ --------
  0           494.5    980.5    482.5    738.5 │    -12.0   -242.0    242.0 │     92.8
  1           510.5    670.5    572.5    506.5 │     62.0   -164.0    164.0 │     69.3

  HEADING POLARIZATION CHECK:
    Mean unit vector: (0.1520, 0.9671)
    Computed:  pol=0.9790, theta=81.1°
    Stored:    pol=0.9790, theta=81.1°
    MATCH: ✓ YES


END LOG

Creating figure...
Saved SVG: /Users/ukhan/Desktop/ss/movement-fork/examples/polarization/datasets/multi-animal/exports/polarization-demos/figures/freemoving-2bees-noID-21nodes-1535x2048x1-14pxmm_20260405_143208_polarization-plot.svg

────────────────────────────────────────────────────────────
Dataset [1]
────────────────────────────────────────────────────────────
Loading SLP: free-moving-2mice-noID-5nodes-1280x1024x1-1_9pxmm.slp
Video found: free-moving-2mice-noID-5nodes-1280x1024x1-1_9pxmm.mp4
FPS: 25 (from video metadata)
Video frames: 2560
Video resolution: 1280x1024
Video duration: 102.40s
Tracking frames: 2560
Individuals (2): [np.str_('track_0'), np.str_('track_1')]
Keypoints (5): [np.str_('snout'), np.str_('earL'), np.str_('earR'), np.str_('tb'), np.str_('tt')]

Using batch config:
  Velocity:    tb[3]
  Orientation: tb[3] → snout[0] (posterior → anterior)

Computing validity masks...
Computing polarization metrics...
Finding best segment...
  Computing 25-frame heading for segment scoring...

5-panel continuous segment starting at frame 1825 (score=28.504)
Panel frames: [1825 1850 1875 1900 1925]
Orientation pol range: 0.761 to 0.996 (5/5 panels >= 0.15)
Heading pol range: 0.383 to 0.984 (5/5 panels >= 0.15)
Extracting per-animal coordinates for selected frames...

Loading selected video frames from: free-moving-2mice-noID-5nodes-1280x1024x1-1_9pxmm.mp4
  Loaded 6 frames (of 2560 total)
POLARIZATION ANALYSIS LOG

Video: free-moving-2mice-noID-5nodes-1280x1024x1-1_9pxmm.mp4
FPS: 25.0
Frame interval: 25 frames (1 second)
Number of panels: 5
Segment type: CONTINUOUS


FINAL NODE CONFIGURATION

  Velocity node:     tb[3]
  Orientation FROM:  tb[3] (posterior)
  Orientation TO:    snout[0] (anterior)
  Fallback TO:       None (strict mode)


POLARIZATION VERIFICATION

Coordinate system notes:
  - Image coords: y increases DOWNWARD (top=0)
  - Polar plot: math convention (0=E, 90=N, CCW positive)
  - Y-flip: dy = -(to_y - from_y) for image→Cartesian
  - Heading from 1-second displacement (matches Row 1)

────────────────────────────────────────────────────────────────────────────────
PANEL 0 (0s) | Frame 1825 | Prev frame 1800
────────────────────────────────────────────────────────────────────────────────

  ORIENTATION (tb → snout):
  Animal     post_x   post_y    ant_x    ant_y │       dx   dy_img  dy_cart │   angle°
  -------- -------- -------- -------- -------- │ -------- -------- -------- │ --------
  0           568.0    468.0    608.0    680.0 │     40.0    212.0   -212.0 │    -79.3
  1           486.0    276.0    546.0    430.0 │     60.0    154.0   -154.0 │    -68.7

  ORIENTATION POLARIZATION CHECK:
    Mean unit vector: (0.2743, -0.9572)
    Computed:  pol=0.9957, theta=-74.0°
    Stored:    pol=0.9957, theta=-74.0°
    MATCH: ✓ YES

  HEADING/VELOCITY (frame 1800 to 1825):
  Animal     prev_x   prev_y   curr_x   curr_y │       dx   dy_img  dy_cart │   angle°
  -------- -------- -------- -------- -------- │ -------- -------- -------- │ --------
  0           732.0    304.0    568.0    468.0 │   -164.0    164.0   -164.0 │   -135.0
  1           486.0    348.0    486.0    276.0 │      0.0    -72.0     72.0 │     90.0

  HEADING POLARIZATION CHECK:
    Mean unit vector: (-0.3535, 0.1464)
    Computed:  pol=0.3826, theta=157.5°
    Stored:    pol=0.3826, theta=157.5°
    MATCH: ✓ YES

────────────────────────────────────────────────────────────────────────────────
PANEL 1 (1s) | Frame 1850 | Prev frame 1825
────────────────────────────────────────────────────────────────────────────────

  ORIENTATION (tb → snout):
  Animal     post_x   post_y    ant_x    ant_y │       dx   dy_img  dy_cart │   angle°
  -------- -------- -------- -------- -------- │ -------- -------- -------- │ --------
  0           552.0    632.0    710.0    666.0 │    158.1     34.0    -34.0 │    -12.1
  1           534.0    452.0    538.0    620.0 │      4.1    168.0   -168.0 │    -88.6

  ORIENTATION POLARIZATION CHECK:
    Mean unit vector: (0.5009, -0.6049)
    Computed:  pol=0.7854, theta=-50.4°
    Stored:    pol=0.7854, theta=-50.4°
    MATCH: ✓ YES

  HEADING/VELOCITY (frame 1825 to 1850):
  Animal     prev_x   prev_y   curr_x   curr_y │       dx   dy_img  dy_cart │   angle°
  -------- -------- -------- -------- -------- │ -------- -------- -------- │ --------
  0           568.0    468.0    552.0    632.0 │    -16.0    164.0   -164.0 │    -95.6
  1           486.0    276.0    534.0    452.0 │     48.0    176.0   -176.0 │    -74.8

  HEADING POLARIZATION CHECK:
    Mean unit vector: (0.0829, -0.9800)
    Computed:  pol=0.9835, theta=-85.2°
    Stored:    pol=0.9835, theta=-85.2°
    MATCH: ✓ YES

────────────────────────────────────────────────────────────────────────────────
PANEL 2 (2s) | Frame 1875 | Prev frame 1850
────────────────────────────────────────────────────────────────────────────────

  ORIENTATION (tb → snout):
  Animal     post_x   post_y    ant_x    ant_y │       dx   dy_img  dy_cart │   angle°
  -------- -------- -------- -------- -------- │ -------- -------- -------- │ --------
  0           738.0    578.0    764.0    374.0 │     26.0   -204.0    204.0 │     82.7
  1           536.0    592.0    726.0    586.0 │    190.0     -5.9      5.9 │      1.8

  ORIENTATION POLARIZATION CHECK:
    Mean unit vector: (0.5630, 0.5116)
    Computed:  pol=0.7607, theta=42.3°
    Stored:    pol=0.7607, theta=42.3°
    MATCH: ✓ YES

  HEADING/VELOCITY (frame 1850 to 1875):
  Animal     prev_x   prev_y   curr_x   curr_y │       dx   dy_img  dy_cart │   angle°
  -------- -------- -------- -------- -------- │ -------- -------- -------- │ --------
  0           552.0    632.0    738.0    578.0 │    186.0    -54.0     54.0 │     16.2
  1           534.0    452.0    536.0    592.0 │      2.0    140.0   -140.0 │    -89.2

  HEADING POLARIZATION CHECK:
    Mean unit vector: (0.4874, -0.3604)
    Computed:  pol=0.6062, theta=-36.5°
    Stored:    pol=0.6062, theta=-36.5°
    MATCH: ✓ YES

────────────────────────────────────────────────────────────────────────────────
PANEL 3 (3s) | Frame 1900 | Prev frame 1875
────────────────────────────────────────────────────────────────────────────────

  ORIENTATION (tb → snout):
  Animal     post_x   post_y    ant_x    ant_y │       dx   dy_img  dy_cart │   angle°
  -------- -------- -------- -------- -------- │ -------- -------- -------- │ --------
  0           728.0    374.0    646.0    210.0 │    -82.0   -164.0    164.0 │    116.6
  1           720.0    576.0    750.0    384.0 │     30.0   -192.0    192.0 │     81.1

  ORIENTATION POLARIZATION CHECK:
    Mean unit vector: (-0.1464, 0.9412)
    Computed:  pol=0.9525, theta=98.8°
    Stored:    pol=0.9525, theta=98.8°
    MATCH: ✓ YES

  HEADING/VELOCITY (frame 1875 to 1900):
  Animal     prev_x   prev_y   curr_x   curr_y │       dx   dy_img  dy_cart │   angle°
  -------- -------- -------- -------- -------- │ -------- -------- -------- │ --------
  0           738.0    578.0    728.0    374.0 │    -10.0   -204.0    204.0 │     92.8
  1           536.0    592.0    720.0    576.0 │    184.0    -16.0     16.0 │      5.0

  HEADING POLARIZATION CHECK:
    Mean unit vector: (0.4736, 0.5426)
    Computed:  pol=0.7203, theta=48.9°
    Stored:    pol=0.7203, theta=48.9°
    MATCH: ✓ YES

────────────────────────────────────────────────────────────────────────────────
PANEL 4 (4s) | Frame 1925 | Prev frame 1900
────────────────────────────────────────────────────────────────────────────────

  ORIENTATION (tb → snout):
  Animal     post_x   post_y    ant_x    ant_y │       dx   dy_img  dy_cart │   angle°
  -------- -------- -------- -------- -------- │ -------- -------- -------- │ --------
  0           690.0    244.0    562.0     62.0 │   -128.0   -182.0    182.0 │    125.1
  1           792.0    426.0    752.0    242.0 │    -40.0   -184.0    184.0 │    102.3

  ORIENTATION POLARIZATION CHECK:
    Mean unit vector: (-0.3939, 0.8976)
    Computed:  pol=0.9802, theta=113.7°
    Stored:    pol=0.9802, theta=113.7°
    MATCH: ✓ YES

  HEADING/VELOCITY (frame 1900 to 1925):
  Animal     prev_x   prev_y   curr_x   curr_y │       dx   dy_img  dy_cart │   angle°
  -------- -------- -------- -------- -------- │ -------- -------- -------- │ --------
  0           728.0    374.0    690.0    244.0 │    -38.0   -130.0    130.0 │    106.3
  1           720.0    576.0    792.0    426.0 │     72.0   -150.0    150.0 │     64.4

  HEADING POLARIZATION CHECK:
    Mean unit vector: (0.0760, 0.9307)
    Computed:  pol=0.9338, theta=85.3°
    Stored:    pol=0.9338, theta=85.3°
    MATCH: ✓ YES


END LOG

Creating figure...
Saved SVG: /Users/ukhan/Desktop/ss/movement-fork/examples/polarization/datasets/multi-animal/exports/polarization-demos/figures/free-moving-2mice-noID-5nodes-1280x1024x1-1_9pxmm_20260405_143210_polarization-plot.svg


BATCH COMPLETED (5 datasets)

Console log saved to: /Users/ukhan/Desktop/ss/movement-fork/examples/polarization/datasets/multi-animal/exports/polarization-demos/logs/polarization_viz_20260405_143200.log
