Polarization Viz started at 2026-04-05T14:33:39.290147
Console log: /Users/ukhan/Desktop/ss/movement-fork/examples/polarization/datasets/multi-animal/exports/polarization-demos/logs/polarization_viz_20260405_143339.log



AP VALIDATION H5 DETECTED
Loading suggested pairs from: ap_validation_20260405_143150.h5
  [0] free-moving-2flies-ID-13nodes-1024x1024x1-30_3pxmm: [2 → 0] (posterior → anterior)
  [2] free-moving-4gerbils-ID-14nodes-1024x1280x3-2pxmm: [9 → 5] (posterior → anterior)
  [3] free-moving-5mice-noID-11nodes-1280x1024x1-1_97pxmm: [6 → 1] (posterior → anterior)
  [4] freemoving-2bees-noID-21nodes-1535x2048x1-14pxmm: [2 → 1] (posterior → anterior)
  [1] free-moving-2mice-noID-5nodes-1280x1024x1-1_9pxmm: [3 → 0] (posterior → anterior)

Use suggested node pairs from H5 file? [y/n]: Skipping H5 pairs — proceeding to interactive node selection.


AVAILABLE DATASETS

Found 5 SLP file(s):

  [0] free-moving-2flies-ID-13nodes-1024x1024x1-30_3pxmm.slp
  [1] free-moving-2mice-noID-5nodes-1280x1024x1-1_9pxmm.slp
  [2] free-moving-4gerbils-ID-14nodes-1024x1280x3-2pxmm.slp
  [3] free-moving-5mice-noID-11nodes-1280x1024x1-1_97pxmm.slp
  [4] freemoving-2bees-noID-21nodes-1535x2048x1-14pxmm.slp

Select dataset [0-4]:
Selected: [1] free-moving-2mice-noID-5nodes-1280x1024x1-1_9pxmm.slp
────────────────────────────────────────────────────────────
Loading SLP: free-moving-2mice-noID-5nodes-1280x1024x1-1_9pxmm.slp
Video found: free-moving-2mice-noID-5nodes-1280x1024x1-1_9pxmm.mp4
FPS: 25 (from video metadata)
Video frames: 2560
Video resolution: 1280x1024
Video duration: 102.40s
Tracking frames: 2560
Individuals (2): [np.str_('track_0'), np.str_('track_1')]
Keypoints (5): [np.str_('snout'), np.str_('earL'), np.str_('earR'), np.str_('tb'), np.str_('tt')]


NODE SELECTION

Available nodes: snout[0]  earL[1]  earR[2]  tb[3]  tt[4]

FROM node (should be posterior, e.g., tail_base):
  Enter index:
TO node (should be anterior, e.g., head):
  Enter index:
Velocity node (for heading):
  Enter index:
------------------------------------------------------------
Final configuration:
  Velocity:    tt[4]
  Orientation: tt[4] → snout[0] (from → to)
------------------------------------------------------------


  AP scenario report (running inference on user's pair)...
    Best individual: track_0 (R×M = 0.038)
    Scenario 13: warn
    Input invalid. All pairs have proximal node(s). Max separation: [3, 0].
    Suggested alternative (max-separation overall): tb[3] -> snout[0] (posterior -> anterior)
    Switch to suggested pair? [y/n]:     Switching to: tb[3] -> snout[0]

Computing validity masks...
Computing polarization metrics...
Finding best segment...
  Computing 25-frame heading for segment scoring...

5-panel continuous segment starting at frame 175 (score=20.720)
Panel frames: [175 200 225 250 275]
Orientation pol range: 0.436 to 0.996 (5/5 panels >= 0.15)
Heading pol range: 0.153 to 0.989 (5/5 panels >= 0.15)
Extracting per-animal coordinates for selected frames...

Loading selected video frames from: free-moving-2mice-noID-5nodes-1280x1024x1-1_9pxmm.mp4
  Loaded 6 frames (of 2560 total)
POLARIZATION ANALYSIS LOG

Video: free-moving-2mice-noID-5nodes-1280x1024x1-1_9pxmm.mp4
FPS: 25.0
Frame interval: 25 frames (1 second)
Number of panels: 5
Segment type: CONTINUOUS


FINAL NODE CONFIGURATION

  Velocity node:     tt[4]
  Orientation FROM:  tb[3] (posterior)
  Orientation TO:    snout[0] (anterior)
  Fallback TO:       None (strict mode)


POLARIZATION VERIFICATION

Coordinate system notes:
  - Image coords: y increases DOWNWARD (top=0)
  - Polar plot: math convention (0=E, 90=N, CCW positive)
  - Y-flip: dy = -(to_y - from_y) for image→Cartesian
  - Heading from 1-second displacement (matches Row 1)

────────────────────────────────────────────────────────────────────────────────
PANEL 0 (0s) | Frame 175 | Prev frame 150
────────────────────────────────────────────────────────────────────────────────

  ORIENTATION (tb → snout):
  Animal     post_x   post_y    ant_x    ant_y │       dx   dy_img  dy_cart │   angle°
  -------- -------- -------- -------- -------- │ -------- -------- -------- │ --------
  0           776.0    630.0    682.0    782.0 │    -94.0    152.0   -152.0 │   -121.7
  1           666.0    598.0    660.0    774.0 │     -6.1    176.0   -176.0 │    -92.0

  ORIENTATION POLARIZATION CHECK:
    Mean unit vector: (-0.2801, -0.9250)
    Computed:  pol=0.9665, theta=-106.8°
    Stored:    pol=0.9665, theta=-106.8°
    MATCH: ✓ YES

  HEADING/VELOCITY (frame 150 to 175):
  Animal     prev_x   prev_y   curr_x   curr_y │       dx   dy_img  dy_cart │   angle°
  -------- -------- -------- -------- -------- │ -------- -------- -------- │ --------
  0           876.0    472.0    864.0    446.0 │    -12.0    -26.0     26.0 │    114.8
  1           806.0    328.0    700.0    446.0 │   -106.0    118.0   -118.0 │   -131.9

  HEADING POLARIZATION CHECK:
    Mean unit vector: (-0.5437, 0.0821)
    Computed:  pol=0.5499, theta=171.4°
    Stored:    pol=0.5499, theta=171.4°
    MATCH: ✓ YES

────────────────────────────────────────────────────────────────────────────────
PANEL 1 (1s) | Frame 200 | Prev frame 175
────────────────────────────────────────────────────────────────────────────────

  ORIENTATION (tb → snout):
  Animal     post_x   post_y    ant_x    ant_y │       dx   dy_img  dy_cart │   angle°
  -------- -------- -------- -------- -------- │ -------- -------- -------- │ --------
  0           776.0    664.0    644.0    572.0 │   -132.0    -92.0     92.0 │    145.1
  1           616.0    728.0    762.0    684.0 │    146.0    -44.1     44.1 │     16.8

  ORIENTATION POLARIZATION CHECK:
    Mean unit vector: (0.0684, 0.4303)
    Computed:  pol=0.4357, theta=81.0°
    Stored:    pol=0.4357, theta=81.0°
    MATCH: ✓ YES

  HEADING/VELOCITY (frame 175 to 200):
  Animal     prev_x   prev_y   curr_x   curr_y │       dx   dy_img  dy_cart │   angle°
  -------- -------- -------- -------- -------- │ -------- -------- -------- │ --------
  0           864.0    446.0    858.0    476.0 │     -6.0     30.0    -30.0 │   -101.3
  1           700.0    446.0    582.0    564.0 │   -118.0    118.0   -118.0 │   -135.0

  HEADING POLARIZATION CHECK:
    Mean unit vector: (-0.4519, -0.8438)
    Computed:  pol=0.9572, theta=-118.2°
    Stored:    pol=0.9572, theta=-118.2°
    MATCH: ✓ YES

────────────────────────────────────────────────────────────────────────────────
PANEL 2 (2s) | Frame 225 | Prev frame 200
────────────────────────────────────────────────────────────────────────────────

  ORIENTATION (tb → snout):
  Animal     post_x   post_y    ant_x    ant_y │       dx   dy_img  dy_cart │   angle°
  -------- -------- -------- -------- -------- │ -------- -------- -------- │ --------
  0           658.0    582.0    552.0    396.0 │   -106.0   -186.0    186.0 │    119.7
  1           640.0    766.0    696.0    600.0 │     56.0   -166.1    166.1 │     71.4

  ORIENTATION POLARIZATION CHECK:
    Mean unit vector: (-0.0878, 0.9081)
    Computed:  pol=0.9124, theta=95.5°
    Stored:    pol=0.9124, theta=95.5°
    MATCH: ✓ YES

  HEADING/VELOCITY (frame 200 to 225):
  Animal     prev_x   prev_y   curr_x   curr_y │       dx   dy_img  dy_cart │   angle°
  -------- -------- -------- -------- -------- │ -------- -------- -------- │ --------
  0           858.0    476.0    820.0    648.0 │    -38.0    172.0   -172.0 │   -102.5
  1           582.0    564.0    596.0    732.0 │     14.0    168.0   -168.0 │    -85.2

  HEADING POLARIZATION CHECK:
    Mean unit vector: (-0.0663, -0.9865)
    Computed:  pol=0.9887, theta=-93.8°
    Stored:    pol=0.9887, theta=-93.8°
    MATCH: ✓ YES

────────────────────────────────────────────────────────────────────────────────
PANEL 3 (3s) | Frame 250 | Prev frame 225
────────────────────────────────────────────────────────────────────────────────

  ORIENTATION (tb → snout):
  Animal     post_x   post_y    ant_x    ant_y │       dx   dy_img  dy_cart │   angle°
  -------- -------- -------- -------- -------- │ -------- -------- -------- │ --------
  0           524.0    352.0    418.0    246.0 │   -106.0   -106.0    106.0 │    135.0
  1           630.0    500.0    552.0    316.0 │    -78.1   -184.0    184.0 │    113.0

  ORIENTATION POLARIZATION CHECK:
    Mean unit vector: (-0.5489, 0.8138)
    Computed:  pol=0.9816, theta=124.0°
    Stored:    pol=0.9816, theta=124.0°
    MATCH: ✓ YES

  HEADING/VELOCITY (frame 225 to 250):
  Animal     prev_x   prev_y   curr_x   curr_y │       dx   dy_img  dy_cart │   angle°
  -------- -------- -------- -------- -------- │ -------- -------- -------- │ --------
  0           820.0    648.0    542.0    534.0 │   -278.0   -114.0    114.0 │    157.7
  1           596.0    732.0    756.0    608.0 │    160.0   -124.0    124.0 │     37.8

  HEADING POLARIZATION CHECK:
    Mean unit vector: (-0.0674, 0.4960)
    Computed:  pol=0.5005, theta=97.7°
    Stored:    pol=0.5005, theta=97.7°
    MATCH: ✓ YES

────────────────────────────────────────────────────────────────────────────────
PANEL 4 (4s) | Frame 275 | Prev frame 250
────────────────────────────────────────────────────────────────────────────────

  ORIENTATION (tb → snout):
  Animal     post_x   post_y    ant_x    ant_y │       dx   dy_img  dy_cart │   angle°
  -------- -------- -------- -------- -------- │ -------- -------- -------- │ --------
  0           536.0    362.0    452.0    196.0 │    -84.1   -165.9    165.9 │    116.9
  1           604.0    432.0    562.0    294.0 │    -42.0   -138.0    138.0 │    106.9

  ORIENTATION POLARIZATION CHECK:
    Mean unit vector: (-0.3716, 0.9244)
    Computed:  pol=0.9962, theta=111.9°
    Stored:    pol=0.9962, theta=111.9°
    MATCH: ✓ YES

  HEADING/VELOCITY (frame 250 to 275):
  Animal     prev_x   prev_y   curr_x   curr_y │       dx   dy_img  dy_cart │   angle°
  -------- -------- -------- -------- -------- │ -------- -------- -------- │ --------
  0           542.0    534.0    594.0    544.0 │     52.0     10.0    -10.0 │    -10.9
  1           756.0    608.0    708.0    582.0 │    -48.0    -26.0     26.0 │    151.5

  HEADING POLARIZATION CHECK:
    Mean unit vector: (0.0514, 0.1440)
    Computed:  pol=0.1529, theta=70.3°
    Stored:    pol=0.1529, theta=70.3°
    MATCH: ✓ YES


END LOG

Creating figure...
Saved SVG: /Users/ukhan/Desktop/ss/movement-fork/examples/polarization/datasets/multi-animal/exports/polarization-demos/figures/free-moving-2mice-noID-5nodes-1280x1024x1-1_9pxmm_20260405_143502_polarization-plot.svg


COMPLETED

Console log saved to: /Users/ukhan/Desktop/ss/movement-fork/examples/polarization/datasets/multi-animal/exports/polarization-demos/logs/polarization_viz_20260405_143339.log
