Polarization Viz started at 2026-04-02T23:57:21.061517
Console log: /Users/ukhan/Desktop/ss/movement-fork/examples/datasets/multi-animal/exports/polarization-demos/logs/polarization_viz_20260402_235721.log



AP VALIDATION H5 DETECTED
Loading suggested pairs from: ap_validation_20260402_210913.h5
  [0] free-moving-2flies-ID-13nodes-1024x1024x1-30_3pxmm: [2 → 6] (posterior → anterior)
  [2] free-moving-4gerbils-ID-14nodes-1024x1280x3-2pxmm: [13 → 0] (posterior → anterior)
  [3] free-moving-5mice-noID-11nodes-1280x1024x1-1_97pxmm: [10 → 0] (posterior → anterior)
  [4] freemoving-2bees-noID-21nodes-1535x2048x1-14pxmm: [2 → 5] (posterior → anterior)
  [1] free-moving-2mice-noID-5nodes-1280x1024x1-1_9pxmm: [4 → 0] (posterior → anterior)

Use suggested node pairs from H5 file? [y/n]: Skipping H5 pairs — proceeding to interactive node selection.


AVAILABLE DATASETS

Found 5 SLP file(s):

  [0] free-moving-2flies-ID-13nodes-1024x1024x1-30_3pxmm.slp
  [1] free-moving-2mice-noID-5nodes-1280x1024x1-1_9pxmm.slp
  [2] free-moving-4gerbils-ID-14nodes-1024x1280x3-2pxmm.slp
  [3] free-moving-5mice-noID-11nodes-1280x1024x1-1_97pxmm.slp
  [4] freemoving-2bees-noID-21nodes-1535x2048x1-14pxmm.slp

Select dataset [0-4]: 
Selected: [0] free-moving-2flies-ID-13nodes-1024x1024x1-30_3pxmm.slp
────────────────────────────────────────────────────────────
Loading SLP: free-moving-2flies-ID-13nodes-1024x1024x1-30_3pxmm.slp
Video found: free-moving-2flies-ID-13nodes-1024x1024x1-30_3pxmm.mp4
FPS: 25 (from video metadata)
Video frames: 1350
Video resolution: 1024x1024
Video duration: 54.00s
Tracking frames: 1350
Individuals (2): [np.str_('track_0'), np.str_('track_1')]
Keypoints (13): [np.str_('head'), np.str_('thorax'), np.str_('abdomen'), np.str_('wingL'), np.str_('wingR'), np.str_('forelegL4'), np.str_('forelegR4'), np.str_('midlegL4'), np.str_('midlegR4'), np.str_('hindlegL4'), np.str_('hindlegR4'), np.str_('eyeL'), np.str_('eyeR')]


NODE SELECTION

Available nodes: head[0]  thorax[1]  abdomen[2]  wingL[3]  wingR[4]  forelegL4[5]  forelegR4[6]  midlegL4[7]  midlegR4[8]  hindlegL4[9]  hindlegR4[10]  eyeL[11]  eyeR[12]

FROM node (should be posterior, e.g., tail_base):
  Enter index: 
TO node (should be anterior, e.g., head):
  Enter index: 
Velocity node (for heading):
  Enter index: 
------------------------------------------------------------
Final configuration:
  Velocity:    wingL[3]
  Orientation: wingL[3] → wingR[4] (from → to)
------------------------------------------------------------


  AP scenario report (running inference on user's pair)...
    Best individual: track_0 (R×M = 0.024)
    Scenario 12: warn
    Input invalid. Suggest max separation distal pair: [2, 6].
    Suggested alternative (max-separation distal): abdomen[2] -> forelegR4[6] (posterior -> anterior)
    Switch to suggested pair? [y/n]:     Switching to: abdomen[2] -> forelegR4[6]

Computing validity masks...
Computing polarization metrics...
Finding best segment...
  Computing 25-frame heading for segment scoring...

5-panel continuous segment starting at frame 1150 (score=22.714)
Panel frames: [1150 1175 1200 1225 1250]
Orientation pol range: 0.907 to 1.000 (5/5 panels >= 0.15)
Heading pol range: 0.874 to 0.999 (5/5 panels >= 0.15)
Extracting per-animal coordinates for selected frames...

Loading selected video frames from: free-moving-2flies-ID-13nodes-1024x1024x1-30_3pxmm.mp4
  Loaded 6 frames (of 1350 total)
POLARIZATION ANALYSIS LOG

Video: free-moving-2flies-ID-13nodes-1024x1024x1-30_3pxmm.mp4
FPS: 25.0
Frame interval: 25 frames (1 second)
Number of panels: 5
Segment type: CONTINUOUS


FINAL NODE CONFIGURATION

  Velocity node:     wingL[3]
  Orientation FROM:  abdomen[2] (posterior)
  Orientation TO:    forelegR4[6] (anterior)
  Fallback TO:       None (strict mode)


POLARIZATION VERIFICATION

Coordinate system notes:
  - Image coords: y increases DOWNWARD (top=0)
  - Polar plot: math convention (0=E, 90=N, CCW positive)
  - Y-flip: dy = -(to_y - from_y) for image→Cartesian
  - Heading from 1-second displacement (matches Row 1)

────────────────────────────────────────────────────────────────────────────────
PANEL 0 (0s) | Frame 1150 | Prev frame 1125
────────────────────────────────────────────────────────────────────────────────

  ORIENTATION (abdomen → forelegR4):
  Animal     post_x   post_y    ant_x    ant_y │       dx   dy_img  dy_cart │   angle°
  -------- -------- -------- -------- -------- │ -------- -------- -------- │ --------
  0           623.3    619.3    677.5    571.2 │     54.2    -48.1     48.1 │     41.6
  1           687.4    522.2    751.2    464.2 │     63.7    -58.0     58.0 │     42.3

  ORIENTATION POLARIZATION CHECK:
    Mean unit vector: (0.7436, 0.6686)
    Computed:  pol=1.0000, theta=42.0°
    Stored:    pol=1.0000, theta=42.0°
    MATCH: ✓ YES

  HEADING/VELOCITY (frame 1125 to 1150):
  Animal     prev_x   prev_y   curr_x   curr_y │       dx   dy_img  dy_cart │   angle°
  -------- -------- -------- -------- -------- │ -------- -------- -------- │ --------
  0           555.2    698.5    610.5    633.1 │     55.3    -65.4     65.4 │     49.8
  1           619.5    618.6    679.4    536.3 │     59.8    -82.2     82.2 │     54.0

  HEADING POLARIZATION CHECK:
    Mean unit vector: (0.6170, 0.7862)
    Computed:  pol=0.9993, theta=51.9°
    Stored:    pol=0.9993, theta=51.9°
    MATCH: ✓ YES

────────────────────────────────────────────────────────────────────────────────
PANEL 1 (1s) | Frame 1175 | Prev frame 1150
────────────────────────────────────────────────────────────────────────────────

  ORIENTATION (abdomen → forelegR4):
  Animal     post_x   post_y    ant_x    ant_y │       dx   dy_img  dy_cart │   angle°
  -------- -------- -------- -------- -------- │ -------- -------- -------- │ --------
  0           639.2    593.7    687.0    546.8 │     47.8    -47.0     47.0 │     44.5
  1           681.9    450.5    676.6    381.1 │     -5.3    -69.4     69.4 │     94.4

  ORIENTATION POLARIZATION CHECK:
    Mean unit vector: (0.3183, 0.8491)
    Computed:  pol=0.9068, theta=69.5°
    Stored:    pol=0.9068, theta=69.5°
    MATCH: ✓ YES

  HEADING/VELOCITY (frame 1150 to 1175):
  Animal     prev_x   prev_y   curr_x   curr_y │       dx   dy_img  dy_cart │   angle°
  -------- -------- -------- -------- -------- │ -------- -------- -------- │ --------
  0           610.5    633.1    629.4    608.5 │     18.9    -24.5     24.5 │     52.5
  1           679.4    536.3    690.1    465.4 │     10.7    -70.9     70.9 │     81.4

  HEADING POLARIZATION CHECK:
    Mean unit vector: (0.3795, 0.8908)
    Computed:  pol=0.9683, theta=66.9°
    Stored:    pol=0.9683, theta=66.9°
    MATCH: ✓ YES

────────────────────────────────────────────────────────────────────────────────
PANEL 2 (2s) | Frame 1200 | Prev frame 1175
────────────────────────────────────────────────────────────────────────────────

  ORIENTATION (abdomen → forelegR4):
  Animal     post_x   post_y    ant_x    ant_y │       dx   dy_img  dy_cart │   angle°
  -------- -------- -------- -------- -------- │ -------- -------- -------- │ --------
  0           646.9    500.7    651.4    447.7 │      4.4    -52.9     52.9 │     85.2
  1           606.7    385.0    567.8    333.1 │    -39.0    -51.9     51.9 │    126.9

  ORIENTATION POLARIZATION CHECK:
    Mean unit vector: (-0.2584, 0.8980)
    Computed:  pol=0.9345, theta=106.1°
    Stored:    pol=0.9345, theta=106.1°
    MATCH: ✓ YES

  HEADING/VELOCITY (frame 1175 to 1200):
  Animal     prev_x   prev_y   curr_x   curr_y │       dx   dy_img  dy_cart │   angle°
  -------- -------- -------- -------- -------- │ -------- -------- -------- │ --------
  0           629.4    608.5    651.7    518.7 │     22.3    -89.9     89.9 │     76.1
  1           690.1    465.4    620.0    393.3 │    -70.1    -72.1     72.1 │    134.2

  HEADING POLARIZATION CHECK:
    Mean unit vector: (-0.2281, 0.8438)
    Computed:  pol=0.8741, theta=105.1°
    Stored:    pol=0.8741, theta=105.1°
    MATCH: ✓ YES

────────────────────────────────────────────────────────────────────────────────
PANEL 3 (3s) | Frame 1225 | Prev frame 1200
────────────────────────────────────────────────────────────────────────────────

  ORIENTATION (abdomen → forelegR4):
  Animal     post_x   post_y    ant_x    ant_y │       dx   dy_img  dy_cart │   angle°
  -------- -------- -------- -------- -------- │ -------- -------- -------- │ --------
  0           617.6    445.8    582.5    388.6 │    -35.1    -57.2     57.2 │    121.5
  1           506.7    368.1    437.9    354.5 │    -68.8    -13.7     13.7 │    168.8

  ORIENTATION POLARIZATION CHECK:
    Mean unit vector: (-0.7519, 0.5236)
    Computed:  pol=0.9162, theta=145.1°
    Stored:    pol=0.9162, theta=145.1°
    MATCH: ✓ YES

  HEADING/VELOCITY (frame 1200 to 1225):
  Animal     prev_x   prev_y   curr_x   curr_y │       dx   dy_img  dy_cart │   angle°
  -------- -------- -------- -------- -------- │ -------- -------- -------- │ --------
  0           651.7    518.7    625.3    461.5 │    -26.4    -57.1     57.1 │    114.8
  1           620.0    393.3    522.9    365.2 │    -97.1    -28.2     28.2 │    163.8

  HEADING POLARIZATION CHECK:
    Mean unit vector: (-0.6900, 0.5931)
    Computed:  pol=0.9099, theta=139.3°
    Stored:    pol=0.9099, theta=139.3°
    MATCH: ✓ YES

────────────────────────────────────────────────────────────────────────────────
PANEL 4 (4s) | Frame 1250 | Prev frame 1225
────────────────────────────────────────────────────────────────────────────────

  ORIENTATION (abdomen → forelegR4):
  Animal     post_x   post_y    ant_x    ant_y │       dx   dy_img  dy_cart │   angle°
  -------- -------- -------- -------- -------- │ -------- -------- -------- │ --------
  0           556.1    429.3    504.0    392.2 │    -52.1    -37.2     37.2 │    144.5
  1           433.1    383.7    362.5    375.6 │    -70.6     -8.2      8.2 │    173.4

  ORIENTATION POLARIZATION CHECK:
    Mean unit vector: (-0.9037, 0.3479)
    Computed:  pol=0.9683, theta=158.9°
    Stored:    pol=0.9683, theta=158.9°
    MATCH: ✓ YES

  HEADING/VELOCITY (frame 1225 to 1250):
  Animal     prev_x   prev_y   curr_x   curr_y │       dx   dy_img  dy_cart │   angle°
  -------- -------- -------- -------- -------- │ -------- -------- -------- │ --------
  0           625.3    461.5    566.9    441.5 │    -58.4    -20.0     20.0 │    161.1
  1           522.9    365.2    449.5    381.0 │    -73.4     15.8    -15.8 │   -167.8

  HEADING POLARIZATION CHECK:
    Mean unit vector: (-0.9618, 0.0568)
    Computed:  pol=0.9634, theta=176.6°
    Stored:    pol=0.9634, theta=176.6°
    MATCH: ✓ YES


END LOG

Creating figure...
Saved SVG: /Users/ukhan/Desktop/ss/movement-fork/examples/datasets/multi-animal/exports/polarization-demos/figures/free-moving-2flies-ID-13nodes-1024x1024x1-30_3pxmm_20260402_235754_polarization-plot.svg


COMPLETED

Console log saved to: /Users/ukhan/Desktop/ss/movement-fork/examples/datasets/multi-animal/exports/polarization-demos/logs/polarization_viz_20260402_235721.log
