Polarization Viz started at 2026-04-02T23:58:09.660106
Console log: /Users/ukhan/Desktop/ss/movement-fork/examples/datasets/multi-animal/exports/polarization-demos/logs/polarization_viz_20260402_235809.log



AP VALIDATION H5 DETECTED
Loading suggested pairs from: ap_validation_20260402_210913.h5
  [0] free-moving-2flies-ID-13nodes-1024x1024x1-30_3pxmm: [2 → 6] (posterior → anterior)
  [2] free-moving-4gerbils-ID-14nodes-1024x1280x3-2pxmm: [13 → 0] (posterior → anterior)
  [3] free-moving-5mice-noID-11nodes-1280x1024x1-1_97pxmm: [10 → 0] (posterior → anterior)
  [4] freemoving-2bees-noID-21nodes-1535x2048x1-14pxmm: [2 → 5] (posterior → anterior)
  [1] free-moving-2mice-noID-5nodes-1280x1024x1-1_9pxmm: [4 → 0] (posterior → anterior)

Use suggested node pairs from H5 file? [y/n]: Skipping H5 pairs — proceeding to interactive node selection.


AVAILABLE DATASETS

Found 5 SLP file(s):

  [0] free-moving-2flies-ID-13nodes-1024x1024x1-30_3pxmm.slp
  [1] free-moving-2mice-noID-5nodes-1280x1024x1-1_9pxmm.slp
  [2] free-moving-4gerbils-ID-14nodes-1024x1280x3-2pxmm.slp
  [3] free-moving-5mice-noID-11nodes-1280x1024x1-1_97pxmm.slp
  [4] freemoving-2bees-noID-21nodes-1535x2048x1-14pxmm.slp

Select dataset [0-4]: 
Selected: [0] free-moving-2flies-ID-13nodes-1024x1024x1-30_3pxmm.slp
────────────────────────────────────────────────────────────
Loading SLP: free-moving-2flies-ID-13nodes-1024x1024x1-30_3pxmm.slp
Video found: free-moving-2flies-ID-13nodes-1024x1024x1-30_3pxmm.mp4
FPS: 25 (from video metadata)
Video frames: 1350
Video resolution: 1024x1024
Video duration: 54.00s
Tracking frames: 1350
Individuals (2): [np.str_('track_0'), np.str_('track_1')]
Keypoints (13): [np.str_('head'), np.str_('thorax'), np.str_('abdomen'), np.str_('wingL'), np.str_('wingR'), np.str_('forelegL4'), np.str_('forelegR4'), np.str_('midlegL4'), np.str_('midlegR4'), np.str_('hindlegL4'), np.str_('hindlegR4'), np.str_('eyeL'), np.str_('eyeR')]


NODE SELECTION

Available nodes: head[0]  thorax[1]  abdomen[2]  wingL[3]  wingR[4]  forelegL4[5]  forelegR4[6]  midlegL4[7]  midlegR4[8]  hindlegL4[9]  hindlegR4[10]  eyeL[11]  eyeR[12]

FROM node (should be posterior, e.g., tail_base):
  Enter index: 
TO node (should be anterior, e.g., head):
  Enter index: 
Velocity node (for heading):
  Enter index: 
------------------------------------------------------------
Final configuration:
  Velocity:    abdomen[2]
  Orientation: eyeL[11] → abdomen[2] (from → to)
------------------------------------------------------------


  AP scenario report (running inference on user's pair)...
    Best individual: track_0 (R×M = 0.024)
    Scenario 6: warn
    Distal pair with greater separation exists: [2, 6].
    Suggested alternative (max-separation distal): abdomen[2] -> forelegR4[6] (posterior -> anterior)
    Switch to suggested pair? [y/n]:     Switching to: abdomen[2] -> forelegR4[6]

Computing validity masks...
Computing polarization metrics...
Finding best segment...
  Computing 25-frame heading for segment scoring...

5-panel continuous segment starting at frame 1150 (score=24.231)
Panel frames: [1150 1175 1200 1225 1250]
Orientation pol range: 0.907 to 1.000 (5/5 panels >= 0.15)
Heading pol range: 0.892 to 0.999 (5/5 panels >= 0.15)
Extracting per-animal coordinates for selected frames...

Loading selected video frames from: free-moving-2flies-ID-13nodes-1024x1024x1-30_3pxmm.mp4
  Loaded 6 frames (of 1350 total)
POLARIZATION ANALYSIS LOG

Video: free-moving-2flies-ID-13nodes-1024x1024x1-30_3pxmm.mp4
FPS: 25.0
Frame interval: 25 frames (1 second)
Number of panels: 5
Segment type: CONTINUOUS


FINAL NODE CONFIGURATION

  Velocity node:     abdomen[2]
  Orientation FROM:  abdomen[2] (posterior)
  Orientation TO:    forelegR4[6] (anterior)
  Fallback TO:       None (strict mode)


POLARIZATION VERIFICATION

Coordinate system notes:
  - Image coords: y increases DOWNWARD (top=0)
  - Polar plot: math convention (0=E, 90=N, CCW positive)
  - Y-flip: dy = -(to_y - from_y) for image→Cartesian
  - Heading from 1-second displacement (matches Row 1)

────────────────────────────────────────────────────────────────────────────────
PANEL 0 (0s) | Frame 1150 | Prev frame 1125
────────────────────────────────────────────────────────────────────────────────

  ORIENTATION (abdomen → forelegR4):
  Animal     post_x   post_y    ant_x    ant_y │       dx   dy_img  dy_cart │   angle°
  -------- -------- -------- -------- -------- │ -------- -------- -------- │ --------
  0           623.3    619.3    677.5    571.2 │     54.2    -48.1     48.1 │     41.6
  1           687.4    522.2    751.2    464.2 │     63.7    -58.0     58.0 │     42.3

  ORIENTATION POLARIZATION CHECK:
    Mean unit vector: (0.7436, 0.6686)
    Computed:  pol=1.0000, theta=42.0°
    Stored:    pol=1.0000, theta=42.0°
    MATCH: ✓ YES

  HEADING/VELOCITY (frame 1125 to 1150):
  Animal     prev_x   prev_y   curr_x   curr_y │       dx   dy_img  dy_cart │   angle°
  -------- -------- -------- -------- -------- │ -------- -------- -------- │ --------
  0           568.0    686.2    623.3    619.3 │     55.3    -66.9     66.9 │     50.4
  1           628.9    604.8    687.4    522.2 │     58.6    -82.6     82.6 │     54.7

  HEADING POLARIZATION CHECK:
    Mean unit vector: (0.6078, 0.7932)
    Computed:  pol=0.9993, theta=52.5°
    Stored:    pol=0.9993, theta=52.5°
    MATCH: ✓ YES

────────────────────────────────────────────────────────────────────────────────
PANEL 1 (1s) | Frame 1175 | Prev frame 1150
────────────────────────────────────────────────────────────────────────────────

  ORIENTATION (abdomen → forelegR4):
  Animal     post_x   post_y    ant_x    ant_y │       dx   dy_img  dy_cart │   angle°
  -------- -------- -------- -------- -------- │ -------- -------- -------- │ --------
  0           639.2    593.7    687.0    546.8 │     47.8    -47.0     47.0 │     44.5
  1           681.9    450.5    676.6    381.1 │     -5.3    -69.4     69.4 │     94.4

  ORIENTATION POLARIZATION CHECK:
    Mean unit vector: (0.3183, 0.8491)
    Computed:  pol=0.9068, theta=69.5°
    Stored:    pol=0.9068, theta=69.5°
    MATCH: ✓ YES

  HEADING/VELOCITY (frame 1150 to 1175):
  Animal     prev_x   prev_y   curr_x   curr_y │       dx   dy_img  dy_cart │   angle°
  -------- -------- -------- -------- -------- │ -------- -------- -------- │ --------
  0           623.3    619.3    639.2    593.7 │     15.9    -25.6     25.6 │     58.1
  1           687.4    522.2    681.9    450.5 │     -5.5    -71.7     71.7 │     94.4

  HEADING POLARIZATION CHECK:
    Mean unit vector: (0.2257, 0.9230)
    Computed:  pol=0.9502, theta=76.3°
    Stored:    pol=0.9502, theta=76.3°
    MATCH: ✓ YES

────────────────────────────────────────────────────────────────────────────────
PANEL 2 (2s) | Frame 1200 | Prev frame 1175
────────────────────────────────────────────────────────────────────────────────

  ORIENTATION (abdomen → forelegR4):
  Animal     post_x   post_y    ant_x    ant_y │       dx   dy_img  dy_cart │   angle°
  -------- -------- -------- -------- -------- │ -------- -------- -------- │ --------
  0           646.9    500.7    651.4    447.7 │      4.4    -52.9     52.9 │     85.2
  1           606.7    385.0    567.8    333.1 │    -39.0    -51.9     51.9 │    126.9

  ORIENTATION POLARIZATION CHECK:
    Mean unit vector: (-0.2584, 0.8980)
    Computed:  pol=0.9345, theta=106.1°
    Stored:    pol=0.9345, theta=106.1°
    MATCH: ✓ YES

  HEADING/VELOCITY (frame 1175 to 1200):
  Animal     prev_x   prev_y   curr_x   curr_y │       dx   dy_img  dy_cart │   angle°
  -------- -------- -------- -------- -------- │ -------- -------- -------- │ --------
  0           639.2    593.7    646.9    500.7 │      7.7    -93.1     93.1 │     85.2
  1           681.9    450.5    606.7    385.0 │    -75.2    -65.4     65.4 │    139.0

  HEADING POLARIZATION CHECK:
    Mean unit vector: (-0.3356, 0.8266)
    Computed:  pol=0.8921, theta=112.1°
    Stored:    pol=0.8921, theta=112.1°
    MATCH: ✓ YES

────────────────────────────────────────────────────────────────────────────────
PANEL 3 (3s) | Frame 1225 | Prev frame 1200
────────────────────────────────────────────────────────────────────────────────

  ORIENTATION (abdomen → forelegR4):
  Animal     post_x   post_y    ant_x    ant_y │       dx   dy_img  dy_cart │   angle°
  -------- -------- -------- -------- -------- │ -------- -------- -------- │ --------
  0           617.6    445.8    582.5    388.6 │    -35.1    -57.2     57.2 │    121.5
  1           506.7    368.1    437.9    354.5 │    -68.8    -13.7     13.7 │    168.8

  ORIENTATION POLARIZATION CHECK:
    Mean unit vector: (-0.7519, 0.5236)
    Computed:  pol=0.9162, theta=145.1°
    Stored:    pol=0.9162, theta=145.1°
    MATCH: ✓ YES

  HEADING/VELOCITY (frame 1200 to 1225):
  Animal     prev_x   prev_y   curr_x   curr_y │       dx   dy_img  dy_cart │   angle°
  -------- -------- -------- -------- -------- │ -------- -------- -------- │ --------
  0           646.9    500.7    617.6    445.8 │    -29.4    -54.9     54.9 │    118.2
  1           606.7    385.0    506.7    368.1 │   -100.0    -16.9     16.9 │    170.4

  HEADING POLARIZATION CHECK:
    Mean unit vector: (-0.7290, 0.5241)
    Computed:  pol=0.8979, theta=144.3°
    Stored:    pol=0.8979, theta=144.3°
    MATCH: ✓ YES

────────────────────────────────────────────────────────────────────────────────
PANEL 4 (4s) | Frame 1250 | Prev frame 1225
────────────────────────────────────────────────────────────────────────────────

  ORIENTATION (abdomen → forelegR4):
  Animal     post_x   post_y    ant_x    ant_y │       dx   dy_img  dy_cart │   angle°
  -------- -------- -------- -------- -------- │ -------- -------- -------- │ --------
  0           556.1    429.3    504.0    392.2 │    -52.1    -37.2     37.2 │    144.5
  1           433.1    383.7    362.5    375.6 │    -70.6     -8.2      8.2 │    173.4

  ORIENTATION POLARIZATION CHECK:
    Mean unit vector: (-0.9037, 0.3479)
    Computed:  pol=0.9683, theta=158.9°
    Stored:    pol=0.9683, theta=158.9°
    MATCH: ✓ YES

  HEADING/VELOCITY (frame 1225 to 1250):
  Animal     prev_x   prev_y   curr_x   curr_y │       dx   dy_img  dy_cart │   angle°
  -------- -------- -------- -------- -------- │ -------- -------- -------- │ --------
  0           617.6    445.8    556.1    429.3 │    -61.5    -16.5     16.5 │    165.0
  1           506.7    368.1    433.1    383.7 │    -73.6     15.6    -15.6 │   -168.0

  HEADING POLARIZATION CHECK:
    Mean unit vector: (-0.9720, 0.0257)
    Computed:  pol=0.9724, theta=178.5°
    Stored:    pol=0.9724, theta=178.5°
    MATCH: ✓ YES


END LOG

Creating figure...
Saved SVG: /Users/ukhan/Desktop/ss/movement-fork/examples/datasets/multi-animal/exports/polarization-demos/figures/free-moving-2flies-ID-13nodes-1024x1024x1-30_3pxmm_20260402_235833_polarization-plot.svg


COMPLETED

Console log saved to: /Users/ukhan/Desktop/ss/movement-fork/examples/datasets/multi-animal/exports/polarization-demos/logs/polarization_viz_20260402_235809.log
