Polarization Viz started at 2026-04-02T23:53:45.692418
Console log: /Users/ukhan/Desktop/ss/movement-fork/examples/datasets/multi-animal/exports/polarization-demos/logs/polarization_viz_20260402_235345.log



AP VALIDATION H5 DETECTED
Loading suggested pairs from: ap_validation_20260402_210913.h5
  [0] free-moving-2flies-ID-13nodes-1024x1024x1-30_3pxmm: [2 → 6] (posterior → anterior)
  [2] free-moving-4gerbils-ID-14nodes-1024x1280x3-2pxmm: [13 → 0] (posterior → anterior)
  [3] free-moving-5mice-noID-11nodes-1280x1024x1-1_97pxmm: [10 → 0] (posterior → anterior)
  [4] freemoving-2bees-noID-21nodes-1535x2048x1-14pxmm: [2 → 5] (posterior → anterior)
  [1] free-moving-2mice-noID-5nodes-1280x1024x1-1_9pxmm: [4 → 0] (posterior → anterior)

Use suggested node pairs from H5 file? [y/n]: Skipping H5 pairs — proceeding to interactive node selection.


AVAILABLE DATASETS

Found 5 SLP file(s):

  [0] free-moving-2flies-ID-13nodes-1024x1024x1-30_3pxmm.slp
  [1] free-moving-2mice-noID-5nodes-1280x1024x1-1_9pxmm.slp
  [2] free-moving-4gerbils-ID-14nodes-1024x1280x3-2pxmm.slp
  [3] free-moving-5mice-noID-11nodes-1280x1024x1-1_97pxmm.slp
  [4] freemoving-2bees-noID-21nodes-1535x2048x1-14pxmm.slp

Select dataset [0-4]: 
Selected: [1] free-moving-2mice-noID-5nodes-1280x1024x1-1_9pxmm.slp
────────────────────────────────────────────────────────────
Loading SLP: free-moving-2mice-noID-5nodes-1280x1024x1-1_9pxmm.slp
Video found: free-moving-2mice-noID-5nodes-1280x1024x1-1_9pxmm.mp4
FPS: 25 (from video metadata)
Video frames: 2560
Video resolution: 1280x1024
Video duration: 102.40s
Tracking frames: 2560
Individuals (2): [np.str_('track_0'), np.str_('track_1')]
Keypoints (5): [np.str_('snout'), np.str_('earL'), np.str_('earR'), np.str_('tb'), np.str_('tt')]


NODE SELECTION

Available nodes: snout[0]  earL[1]  earR[2]  tb[3]  tt[4]

FROM node (should be posterior, e.g., tail_base):
  Enter index: 
TO node (should be anterior, e.g., head):
  Enter index: 
Velocity node (for heading):
  Enter index: 
------------------------------------------------------------
Final configuration:
  Velocity:    tt[4]
  Orientation: tt[4] → snout[0] (from → to)
------------------------------------------------------------


  AP scenario report (running inference on user's pair)...
    Best individual: track_0 (R×M = 0.038)
    Scenario 5: accept

  AP ordering check...
  AP inference agrees: tt is posterior to snout (anterior = +PC1, vote margin M = 0.231, best individual = track_0, R×M = 0.038)

Computing validity masks...
Computing polarization metrics...
Finding best segment...
  Computing 25-frame heading for segment scoring...

5-panel continuous segment starting at frame 175 (score=20.617)
Panel frames: [175 200 225 250 275]
Orientation pol range: 0.484 to 0.999 (5/5 panels >= 0.15)
Heading pol range: 0.153 to 0.989 (5/5 panels >= 0.15)
Extracting per-animal coordinates for selected frames...

Loading selected video frames from: free-moving-2mice-noID-5nodes-1280x1024x1-1_9pxmm.mp4
  Loaded 6 frames (of 2560 total)
POLARIZATION ANALYSIS LOG

Video: free-moving-2mice-noID-5nodes-1280x1024x1-1_9pxmm.mp4
FPS: 25.0
Frame interval: 25 frames (1 second)
Number of panels: 5
Segment type: CONTINUOUS


FINAL NODE CONFIGURATION

  Velocity node:     tt[4]
  Orientation FROM:  tt[4] (from_node)
  Orientation TO:    snout[0] (to_node)
  Fallback TO:       None (strict mode)


POLARIZATION VERIFICATION

Coordinate system notes:
  - Image coords: y increases DOWNWARD (top=0)
  - Polar plot: math convention (0=E, 90=N, CCW positive)
  - Y-flip: dy = -(to_y - from_y) for image→Cartesian
  - Heading from 1-second displacement (matches Row 1)

────────────────────────────────────────────────────────────────────────────────
PANEL 0 (0s) | Frame 175 | Prev frame 150
────────────────────────────────────────────────────────────────────────────────

  ORIENTATION (tt → snout):
  Animal     from_x   from_y     to_x     to_y │       dx   dy_img  dy_cart │   angle°
  -------- -------- -------- -------- -------- │ -------- -------- -------- │ --------
  0           864.0    446.0    682.0    782.0 │   -182.0    336.0   -336.0 │   -118.4
  1           700.0    446.0    660.0    774.0 │    -40.0    328.0   -328.0 │    -97.0

  ORIENTATION POLARIZATION CHECK:
    Mean unit vector: (-0.2986, -0.9360)
    Computed:  pol=0.9825, theta=-107.7°
    Stored:    pol=0.9825, theta=-107.7°
    MATCH: ✓ YES

  HEADING/VELOCITY (frame 150 to 175):
  Animal     prev_x   prev_y   curr_x   curr_y │       dx   dy_img  dy_cart │   angle°
  -------- -------- -------- -------- -------- │ -------- -------- -------- │ --------
  0           876.0    472.0    864.0    446.0 │    -12.0    -26.0     26.0 │    114.8
  1           806.0    328.0    700.0    446.0 │   -106.0    118.0   -118.0 │   -131.9

  HEADING POLARIZATION CHECK:
    Mean unit vector: (-0.5437, 0.0821)
    Computed:  pol=0.5499, theta=171.4°
    Stored:    pol=0.5499, theta=171.4°
    MATCH: ✓ YES

────────────────────────────────────────────────────────────────────────────────
PANEL 1 (1s) | Frame 200 | Prev frame 175
────────────────────────────────────────────────────────────────────────────────

  ORIENTATION (tt → snout):
  Animal     from_x   from_y     to_x     to_y │       dx   dy_img  dy_cart │   angle°
  -------- -------- -------- -------- -------- │ -------- -------- -------- │ --------
  0           858.0    476.0    644.0    572.0 │   -214.0     96.0    -96.0 │   -155.8
  1           582.0    564.0    762.0    684.0 │    180.0    120.0   -120.0 │    -33.7

  ORIENTATION POLARIZATION CHECK:
    Mean unit vector: (-0.0402, -0.4820)
    Computed:  pol=0.4837, theta=-94.8°
    Stored:    pol=0.4837, theta=-94.8°
    MATCH: ✓ YES

  HEADING/VELOCITY (frame 175 to 200):
  Animal     prev_x   prev_y   curr_x   curr_y │       dx   dy_img  dy_cart │   angle°
  -------- -------- -------- -------- -------- │ -------- -------- -------- │ --------
  0           864.0    446.0    858.0    476.0 │     -6.0     30.0    -30.0 │   -101.3
  1           700.0    446.0    582.0    564.0 │   -118.0    118.0   -118.0 │   -135.0

  HEADING POLARIZATION CHECK:
    Mean unit vector: (-0.4519, -0.8438)
    Computed:  pol=0.9572, theta=-118.2°
    Stored:    pol=0.9572, theta=-118.2°
    MATCH: ✓ YES

────────────────────────────────────────────────────────────────────────────────
PANEL 2 (2s) | Frame 225 | Prev frame 200
────────────────────────────────────────────────────────────────────────────────

  ORIENTATION (tt → snout):
  Animal     from_x   from_y     to_x     to_y │       dx   dy_img  dy_cart │   angle°
  -------- -------- -------- -------- -------- │ -------- -------- -------- │ --------
  0           820.0    648.0    552.0    396.0 │   -268.0   -252.0    252.0 │    136.8
  1           596.0    732.0    696.0    600.0 │    100.0   -132.0    132.0 │     52.9

  ORIENTATION POLARIZATION CHECK:
    Mean unit vector: (-0.0624, 0.7410)
    Computed:  pol=0.7437, theta=94.8°
    Stored:    pol=0.7437, theta=94.8°
    MATCH: ✓ YES

  HEADING/VELOCITY (frame 200 to 225):
  Animal     prev_x   prev_y   curr_x   curr_y │       dx   dy_img  dy_cart │   angle°
  -------- -------- -------- -------- -------- │ -------- -------- -------- │ --------
  0           858.0    476.0    820.0    648.0 │    -38.0    172.0   -172.0 │   -102.5
  1           582.0    564.0    596.0    732.0 │     14.0    168.0   -168.0 │    -85.2

  HEADING POLARIZATION CHECK:
    Mean unit vector: (-0.0663, -0.9865)
    Computed:  pol=0.9887, theta=-93.8°
    Stored:    pol=0.9887, theta=-93.8°
    MATCH: ✓ YES

────────────────────────────────────────────────────────────────────────────────
PANEL 3 (3s) | Frame 250 | Prev frame 225
────────────────────────────────────────────────────────────────────────────────

  ORIENTATION (tt → snout):
  Animal     from_x   from_y     to_x     to_y │       dx   dy_img  dy_cart │   angle°
  -------- -------- -------- -------- -------- │ -------- -------- -------- │ --------
  0           542.0    534.0    418.0    246.0 │   -124.0   -288.0    288.0 │    113.3
  1           756.0    608.0    552.0    316.0 │   -204.0   -292.0    292.0 │    124.9

  ORIENTATION POLARIZATION CHECK:
    Mean unit vector: (-0.4841, 0.8691)
    Computed:  pol=0.9948, theta=119.1°
    Stored:    pol=0.9948, theta=119.1°
    MATCH: ✓ YES

  HEADING/VELOCITY (frame 225 to 250):
  Animal     prev_x   prev_y   curr_x   curr_y │       dx   dy_img  dy_cart │   angle°
  -------- -------- -------- -------- -------- │ -------- -------- -------- │ --------
  0           820.0    648.0    542.0    534.0 │   -278.0   -114.0    114.0 │    157.7
  1           596.0    732.0    756.0    608.0 │    160.0   -124.0    124.0 │     37.8

  HEADING POLARIZATION CHECK:
    Mean unit vector: (-0.0674, 0.4960)
    Computed:  pol=0.5005, theta=97.7°
    Stored:    pol=0.5005, theta=97.7°
    MATCH: ✓ YES

────────────────────────────────────────────────────────────────────────────────
PANEL 4 (4s) | Frame 275 | Prev frame 250
────────────────────────────────────────────────────────────────────────────────

  ORIENTATION (tt → snout):
  Animal     from_x   from_y     to_x     to_y │       dx   dy_img  dy_cart │   angle°
  -------- -------- -------- -------- -------- │ -------- -------- -------- │ --------
  0           594.0    544.0    452.0    196.0 │   -142.0   -348.0    348.0 │    112.2
  1           708.0    582.0    562.0    294.0 │   -146.0   -288.0    288.0 │    116.9

  ORIENTATION POLARIZATION CHECK:
    Mean unit vector: (-0.4151, 0.9089)
    Computed:  pol=0.9992, theta=114.5°
    Stored:    pol=0.9992, theta=114.5°
    MATCH: ✓ YES

  HEADING/VELOCITY (frame 250 to 275):
  Animal     prev_x   prev_y   curr_x   curr_y │       dx   dy_img  dy_cart │   angle°
  -------- -------- -------- -------- -------- │ -------- -------- -------- │ --------
  0           542.0    534.0    594.0    544.0 │     52.0     10.0    -10.0 │    -10.9
  1           756.0    608.0    708.0    582.0 │    -48.0    -26.0     26.0 │    151.5

  HEADING POLARIZATION CHECK:
    Mean unit vector: (0.0514, 0.1440)
    Computed:  pol=0.1529, theta=70.3°
    Stored:    pol=0.1529, theta=70.3°
    MATCH: ✓ YES


END LOG

Creating figure...
Saved SVG: /Users/ukhan/Desktop/ss/movement-fork/examples/datasets/multi-animal/exports/polarization-demos/figures/free-moving-2mice-noID-5nodes-1280x1024x1-1_9pxmm_20260402_235409_polarization-plot.svg


COMPLETED

Console log saved to: /Users/ukhan/Desktop/ss/movement-fork/examples/datasets/multi-animal/exports/polarization-demos/logs/polarization_viz_20260402_235345.log
